#
# There is insufficient memory for the Java Runtime Environment to continue.
# Native memory allocation (malloc) failed to allocate 32744 bytes for ChunkPool::allocate
# Possible reasons:
#   The system is out of physical RAM or swap space
#   The process is running with CompressedOops enabled, and the Java Heap may be blocking the growth of the native heap
# Possible solutions:
#   Reduce memory load on the system
#   Increase physical memory or swap space
#   Check if swap backing store is full
#   Decrease Java heap size (-Xmx/-Xms)
#   Decrease number of Java threads
#   Decrease Java thread stack sizes (-Xss)
#   Set larger code cache with -XX:ReservedCodeCacheSize=
#   JVM is running with Zero Based Compressed Oops mode in which the Java heap is
#     placed in the first 32GB address space. The Java Heap base address is the
#     maximum limit for the native heap growth. Please use -XX:HeapBaseMinAddress
#     to set the Java Heap base and to place the Java Heap above 32GB virtual address.
# This output file may be truncated or incomplete.
#
#  Out of Memory Error (arena.cpp:79), pid=34364, tid=24384
#
# JRE version: Java(TM) SE Runtime Environment (16.0.1+9) (build 16.0.1+9-24)
# Java VM: Java HotSpot(TM) 64-Bit Server VM (16.0.1+9-24, mixed mode, sharing, tiered, compressed oops, compressed class ptrs, g1 gc, windows-amd64)
# No core dump will be written. Minidumps are not enabled by default on client versions of Windows
#

---------------  S U M M A R Y ------------

Command Line: -XX:+ShowCodeDetailsInExceptionMessages -agentlib:jdwp=transport=dt_socket,suspend=y,address=localhost:6091 -javaagent:C:\Users\everyday\eclipse\java-2022-03\eclipse\configuration\org.eclipse.osgi\225\0\.cp\lib\javaagent-shaded.jar -Dfile.encoding=UTF-8 sec02_loopcontrolstatement.EX02_WhileControlStatement.WhileControlStatement

Host: Intel(R) Core(TM) i7-9700F CPU @ 3.00GHz, 8 cores, 15G,  Windows 10 , 64 bit Build 19041 (10.0.19041.1645)
Time: Wed Apr 27 22:42:36 2022  Windows 10 , 64 bit Build 19041 (10.0.19041.1645) elapsed time: 1.575723 seconds (0d 0h 0m 1s)

---------------  T H R E A D  ---------------

Current thread (0x00000192e07576f0):  JavaThread "C1 CompilerThread0" daemon [_thread_in_vm, id=24384, stack(0x0000008f03600000,0x0000008f03700000)]


Current CompileTask:
C1:   1575   16       3       java.util.Objects::requireNonNull (14 bytes)

Stack: [0x0000008f03600000,0x0000008f03700000]
Native frames: (J=compiled Java code, j=interpreted, Vv=VM code, C=native code)
V  [jvm.dll+0x6687ca]
V  [jvm.dll+0x7ca3c9]
V  [jvm.dll+0x7cbb53]
V  [jvm.dll+0x7cc1b3]
V  [jvm.dll+0x242ea5]
V  [jvm.dll+0xae25f]
V  [jvm.dll+0xae5ac]
V  [jvm.dll+0x1d378b]
V  [jvm.dll+0x1c019e]
V  [jvm.dll+0x225244]
V  [jvm.dll+0x2233ec]
V  [jvm.dll+0x780002]
V  [jvm.dll+0x779b4a]
V  [jvm.dll+0x667666]
C  [ucrtbase.dll+0x21bb2]
C  [KERNEL32.DLL+0x17034]
C  [ntdll.dll+0x52651]


---------------  P R O C E S S  ---------------

Threads class SMR info:
_java_thread_list=0x00000192e074ffb0, length=10, elements={
0x00000192bdadb990, 0x00000192e0737bf0, 0x00000192e0738ab0, 0x00000192e075d270,
0x00000192e074d520, 0x00000192e074de30, 0x00000192e074e740, 0x00000192e0751530,
0x00000192e07576f0, 0x00000192e0759c60
}

Java Threads: ( => current thread )
  0x00000192bdadb990 JavaThread "main" [_thread_in_native, id=38760, stack(0x0000008f02800000,0x0000008f02900000)]
  0x00000192e0737bf0 JavaThread "Reference Handler" daemon [_thread_blocked, id=16252, stack(0x0000008f02f00000,0x0000008f03000000)]
  0x00000192e0738ab0 JavaThread "Finalizer" daemon [_thread_blocked, id=17372, stack(0x0000008f03000000,0x0000008f03100000)]
  0x00000192e075d270 JavaThread "Signal Dispatcher" daemon [_thread_blocked, id=38356, stack(0x0000008f03100000,0x0000008f03200000)]
  0x00000192e074d520 JavaThread "Attach Listener" daemon [_thread_blocked, id=38116, stack(0x0000008f03200000,0x0000008f03300000)]
  0x00000192e074de30 JavaThread "Service Thread" daemon [_thread_blocked, id=33908, stack(0x0000008f03300000,0x0000008f03400000)]
  0x00000192e074e740 JavaThread "Monitor Deflation Thread" daemon [_thread_blocked, id=34304, stack(0x0000008f03400000,0x0000008f03500000)]
  0x00000192e0751530 JavaThread "C2 CompilerThread0" daemon [_thread_in_native, id=38060, stack(0x0000008f03500000,0x0000008f03600000)]
=>0x00000192e07576f0 JavaThread "C1 CompilerThread0" daemon [_thread_in_vm, id=24384, stack(0x0000008f03600000,0x0000008f03700000)]
  0x00000192e0759c60 JavaThread "Sweeper thread" daemon [_thread_blocked, id=32724, stack(0x0000008f03700000,0x0000008f03800000)]

Other Threads:
  0x00000192e0734070 VMThread "VM Thread" [stack: 0x0000008f02e00000,0x0000008f02f00000] [id=15952]
  0x00000192bdb2bfa0 GCTaskThread "GC Thread#0" [stack: 0x0000008f02900000,0x0000008f02a00000] [id=37140]
  0x00000192bdb3def0 ConcurrentGCThread "G1 Main Marker" [stack: 0x0000008f02a00000,0x0000008f02b00000] [id=8520]
  0x00000192bdb3e960 ConcurrentGCThread "G1 Conc#0" [stack: 0x0000008f02b00000,0x0000008f02c00000] [id=21084]
  0x00000192e05f24c0 ConcurrentGCThread "G1 Refine#0" [stack: 0x0000008f02c00000,0x0000008f02d00000] [id=38684]
  0x00000192e05f2f40 ConcurrentGCThread "G1 Service" [stack: 0x0000008f02d00000,0x0000008f02e00000] [id=34956]

Threads with active compile tasks:
C2 CompilerThread0     1727   15       4       java.lang.StringLatin1::hashCode (42 bytes)
C1 CompilerThread0     1727   16       3       java.util.Objects::requireNonNull (14 bytes)

VM state: not at safepoint (normal execution)

VM Mutex/Monitor currently owned by a thread: None

Heap address: 0x0000000701000000, size: 4080 MB, Compressed Oops mode: Zero based, Oop shift amount: 3

CDS archive(s) mapped at: [0x0000000800000000-0x0000000800bb0000-0x0000000800bb0000), size 12255232, SharedBaseAddress: 0x0000000800000000, ArchiveRelocationMode: 0.
Compressed class space mapped at: 0x0000000800c00000-0x0000000840c00000, reserved size: 1073741824
Narrow klass base: 0x0000000800000000, Narrow klass shift: 3, Narrow klass range: 0x100000000

GC Precious Log:
 CPUs: 8 total, 8 available
 Memory: 16318M
 Large Page Support: Disabled
 NUMA Support: Disabled
 Compressed Oops: Enabled (Zero based)
 Heap Region Size: 2M
 Heap Min Capacity: 8M
 Heap Initial Capacity: 256M
 Heap Max Capacity: 4080M
 Pre-touch: Disabled
 Parallel Workers: 8
 Concurrent Workers: 2
 Concurrent Refinement Workers: 8
 Periodic GC: Disabled

Heap:
 garbage-first heap   total 262144K, used 0K [0x0000000701000000, 0x0000000800000000)
  region size 2048K, 1 young (2048K), 0 survivors (0K)
 Metaspace       used 222K, committed 448K, reserved 1056768K
  class space    used 6K, committed 128K, reserved 1048576K

Heap Regions: E=young(eden), S=young(survivor), O=old, HS=humongous(starts), HC=humongous(continues), CS=collection set, F=free, OA=open archive, CA=closed archive, TAMS=top-at-mark-start (previous, next)
|   0|0x0000000701000000, 0x0000000701000000, 0x0000000701200000|  0%| F|  |TAMS 0x0000000701000000, 0x0000000701000000| Untracked 
|   1|0x0000000701200000, 0x0000000701200000, 0x0000000701400000|  0%| F|  |TAMS 0x0000000701200000, 0x0000000701200000| Untracked 
|   2|0x0000000701400000, 0x0000000701400000, 0x0000000701600000|  0%| F|  |TAMS 0x0000000701400000, 0x0000000701400000| Untracked 
|   3|0x0000000701600000, 0x0000000701600000, 0x0000000701800000|  0%| F|  |TAMS 0x0000000701600000, 0x0000000701600000| Untracked 
|   4|0x0000000701800000, 0x0000000701800000, 0x0000000701a00000|  0%| F|  |TAMS 0x0000000701800000, 0x0000000701800000| Untracked 
|   5|0x0000000701a00000, 0x0000000701a00000, 0x0000000701c00000|  0%| F|  |TAMS 0x0000000701a00000, 0x0000000701a00000| Untracked 
|   6|0x0000000701c00000, 0x0000000701c00000, 0x0000000701e00000|  0%| F|  |TAMS 0x0000000701c00000, 0x0000000701c00000| Untracked 
|   7|0x0000000701e00000, 0x0000000701e00000, 0x0000000702000000|  0%| F|  |TAMS 0x0000000701e00000, 0x0000000701e00000| Untracked 
|   8|0x0000000702000000, 0x0000000702000000, 0x0000000702200000|  0%| F|  |TAMS 0x0000000702000000, 0x0000000702000000| Untracked 
|   9|0x0000000702200000, 0x0000000702200000, 0x0000000702400000|  0%| F|  |TAMS 0x0000000702200000, 0x0000000702200000| Untracked 
|  10|0x0000000702400000, 0x0000000702400000, 0x0000000702600000|  0%| F|  |TAMS 0x0000000702400000, 0x0000000702400000| Untracked 
|  11|0x0000000702600000, 0x0000000702600000, 0x0000000702800000|  0%| F|  |TAMS 0x0000000702600000, 0x0000000702600000| Untracked 
|  12|0x0000000702800000, 0x0000000702800000, 0x0000000702a00000|  0%| F|  |TAMS 0x0000000702800000, 0x0000000702800000| Untracked 
|  13|0x0000000702a00000, 0x0000000702a00000, 0x0000000702c00000|  0%| F|  |TAMS 0x0000000702a00000, 0x0000000702a00000| Untracked 
|  14|0x0000000702c00000, 0x0000000702c00000, 0x0000000702e00000|  0%| F|  |TAMS 0x0000000702c00000, 0x0000000702c00000| Untracked 
|  15|0x0000000702e00000, 0x0000000702e00000, 0x0000000703000000|  0%| F|  |TAMS 0x0000000702e00000, 0x0000000702e00000| Untracked 
|  16|0x0000000703000000, 0x0000000703000000, 0x0000000703200000|  0%| F|  |TAMS 0x0000000703000000, 0x0000000703000000| Untracked 
|  17|0x0000000703200000, 0x0000000703200000, 0x0000000703400000|  0%| F|  |TAMS 0x0000000703200000, 0x0000000703200000| Untracked 
|  18|0x0000000703400000, 0x0000000703400000, 0x0000000703600000|  0%| F|  |TAMS 0x0000000703400000, 0x0000000703400000| Untracked 
|  19|0x0000000703600000, 0x0000000703600000, 0x0000000703800000|  0%| F|  |TAMS 0x0000000703600000, 0x0000000703600000| Untracked 
|  20|0x0000000703800000, 0x0000000703800000, 0x0000000703a00000|  0%| F|  |TAMS 0x0000000703800000, 0x0000000703800000| Untracked 
|  21|0x0000000703a00000, 0x0000000703a00000, 0x0000000703c00000|  0%| F|  |TAMS 0x0000000703a00000, 0x0000000703a00000| Untracked 
|  22|0x0000000703c00000, 0x0000000703c00000, 0x0000000703e00000|  0%| F|  |TAMS 0x0000000703c00000, 0x0000000703c00000| Untracked 
|  23|0x0000000703e00000, 0x0000000703e00000, 0x0000000704000000|  0%| F|  |TAMS 0x0000000703e00000, 0x0000000703e00000| Untracked 
|  24|0x0000000704000000, 0x0000000704000000, 0x0000000704200000|  0%| F|  |TAMS 0x0000000704000000, 0x0000000704000000| Untracked 
|  25|0x0000000704200000, 0x0000000704200000, 0x0000000704400000|  0%| F|  |TAMS 0x0000000704200000, 0x0000000704200000| Untracked 
|  26|0x0000000704400000, 0x0000000704400000, 0x0000000704600000|  0%| F|  |TAMS 0x0000000704400000, 0x0000000704400000| Untracked 
|  27|0x0000000704600000, 0x0000000704600000, 0x0000000704800000|  0%| F|  |TAMS 0x0000000704600000, 0x0000000704600000| Untracked 
|  28|0x0000000704800000, 0x0000000704800000, 0x0000000704a00000|  0%| F|  |TAMS 0x0000000704800000, 0x0000000704800000| Untracked 
|  29|0x0000000704a00000, 0x0000000704a00000, 0x0000000704c00000|  0%| F|  |TAMS 0x0000000704a00000, 0x0000000704a00000| Untracked 
|  30|0x0000000704c00000, 0x0000000704c00000, 0x0000000704e00000|  0%| F|  |TAMS 0x0000000704c00000, 0x0000000704c00000| Untracked 
|  31|0x0000000704e00000, 0x0000000704e00000, 0x0000000705000000|  0%| F|  |TAMS 0x0000000704e00000, 0x0000000704e00000| Untracked 
|  32|0x0000000705000000, 0x0000000705000000, 0x0000000705200000|  0%| F|  |TAMS 0x0000000705000000, 0x0000000705000000| Untracked 
|  33|0x0000000705200000, 0x0000000705200000, 0x0000000705400000|  0%| F|  |TAMS 0x0000000705200000, 0x0000000705200000| Untracked 
|  34|0x0000000705400000, 0x0000000705400000, 0x0000000705600000|  0%| F|  |TAMS 0x0000000705400000, 0x0000000705400000| Untracked 
|  35|0x0000000705600000, 0x0000000705600000, 0x0000000705800000|  0%| F|  |TAMS 0x0000000705600000, 0x0000000705600000| Untracked 
|  36|0x0000000705800000, 0x0000000705800000, 0x0000000705a00000|  0%| F|  |TAMS 0x0000000705800000, 0x0000000705800000| Untracked 
|  37|0x0000000705a00000, 0x0000000705a00000, 0x0000000705c00000|  0%| F|  |TAMS 0x0000000705a00000, 0x0000000705a00000| Untracked 
|  38|0x0000000705c00000, 0x0000000705c00000, 0x0000000705e00000|  0%| F|  |TAMS 0x0000000705c00000, 0x0000000705c00000| Untracked 
|  39|0x0000000705e00000, 0x0000000705e00000, 0x0000000706000000|  0%| F|  |TAMS 0x0000000705e00000, 0x0000000705e00000| Untracked 
|  40|0x0000000706000000, 0x0000000706000000, 0x0000000706200000|  0%| F|  |TAMS 0x0000000706000000, 0x0000000706000000| Untracked 
|  41|0x0000000706200000, 0x0000000706200000, 0x0000000706400000|  0%| F|  |TAMS 0x0000000706200000, 0x0000000706200000| Untracked 
|  42|0x0000000706400000, 0x0000000706400000, 0x0000000706600000|  0%| F|  |TAMS 0x0000000706400000, 0x0000000706400000| Untracked 
|  43|0x0000000706600000, 0x0000000706600000, 0x0000000706800000|  0%| F|  |TAMS 0x0000000706600000, 0x0000000706600000| Untracked 
|  44|0x0000000706800000, 0x0000000706800000, 0x0000000706a00000|  0%| F|  |TAMS 0x0000000706800000, 0x0000000706800000| Untracked 
|  45|0x0000000706a00000, 0x0000000706a00000, 0x0000000706c00000|  0%| F|  |TAMS 0x0000000706a00000, 0x0000000706a00000| Untracked 
|  46|0x0000000706c00000, 0x0000000706c00000, 0x0000000706e00000|  0%| F|  |TAMS 0x0000000706c00000, 0x0000000706c00000| Untracked 
|  47|0x0000000706e00000, 0x0000000706e00000, 0x0000000707000000|  0%| F|  |TAMS 0x0000000706e00000, 0x0000000706e00000| Untracked 
|  48|0x0000000707000000, 0x0000000707000000, 0x0000000707200000|  0%| F|  |TAMS 0x0000000707000000, 0x0000000707000000| Untracked 
|  49|0x0000000707200000, 0x0000000707200000, 0x0000000707400000|  0%| F|  |TAMS 0x0000000707200000, 0x0000000707200000| Untracked 
|  50|0x0000000707400000, 0x0000000707400000, 0x0000000707600000|  0%| F|  |TAMS 0x0000000707400000, 0x0000000707400000| Untracked 
|  51|0x0000000707600000, 0x0000000707600000, 0x0000000707800000|  0%| F|  |TAMS 0x0000000707600000, 0x0000000707600000| Untracked 
|  52|0x0000000707800000, 0x0000000707800000, 0x0000000707a00000|  0%| F|  |TAMS 0x0000000707800000, 0x0000000707800000| Untracked 
|  53|0x0000000707a00000, 0x0000000707a00000, 0x0000000707c00000|  0%| F|  |TAMS 0x0000000707a00000, 0x0000000707a00000| Untracked 
|  54|0x0000000707c00000, 0x0000000707c00000, 0x0000000707e00000|  0%| F|  |TAMS 0x0000000707c00000, 0x0000000707c00000| Untracked 
|  55|0x0000000707e00000, 0x0000000707e00000, 0x0000000708000000|  0%| F|  |TAMS 0x0000000707e00000, 0x0000000707e00000| Untracked 
|  56|0x0000000708000000, 0x0000000708000000, 0x0000000708200000|  0%| F|  |TAMS 0x0000000708000000, 0x0000000708000000| Untracked 
|  57|0x0000000708200000, 0x0000000708200000, 0x0000000708400000|  0%| F|  |TAMS 0x0000000708200000, 0x0000000708200000| Untracked 
|  58|0x0000000708400000, 0x0000000708400000, 0x0000000708600000|  0%| F|  |TAMS 0x0000000708400000, 0x0000000708400000| Untracked 
|  59|0x0000000708600000, 0x0000000708600000, 0x0000000708800000|  0%| F|  |TAMS 0x0000000708600000, 0x0000000708600000| Untracked 
|  60|0x0000000708800000, 0x0000000708800000, 0x0000000708a00000|  0%| F|  |TAMS 0x0000000708800000, 0x0000000708800000| Untracked 
|  61|0x0000000708a00000, 0x0000000708a00000, 0x0000000708c00000|  0%| F|  |TAMS 0x0000000708a00000, 0x0000000708a00000| Untracked 
|  62|0x0000000708c00000, 0x0000000708c00000, 0x0000000708e00000|  0%| F|  |TAMS 0x0000000708c00000, 0x0000000708c00000| Untracked 
|  63|0x0000000708e00000, 0x0000000708e00000, 0x0000000709000000|  0%| F|  |TAMS 0x0000000708e00000, 0x0000000708e00000| Untracked 
|  64|0x0000000709000000, 0x0000000709000000, 0x0000000709200000|  0%| F|  |TAMS 0x0000000709000000, 0x0000000709000000| Untracked 
|  65|0x0000000709200000, 0x0000000709200000, 0x0000000709400000|  0%| F|  |TAMS 0x0000000709200000, 0x0000000709200000| Untracked 
|  66|0x0000000709400000, 0x0000000709400000, 0x0000000709600000|  0%| F|  |TAMS 0x0000000709400000, 0x0000000709400000| Untracked 
|  67|0x0000000709600000, 0x0000000709600000, 0x0000000709800000|  0%| F|  |TAMS 0x0000000709600000, 0x0000000709600000| Untracked 
|  68|0x0000000709800000, 0x0000000709800000, 0x0000000709a00000|  0%| F|  |TAMS 0x0000000709800000, 0x0000000709800000| Untracked 
|  69|0x0000000709a00000, 0x0000000709a00000, 0x0000000709c00000|  0%| F|  |TAMS 0x0000000709a00000, 0x0000000709a00000| Untracked 
|  70|0x0000000709c00000, 0x0000000709c00000, 0x0000000709e00000|  0%| F|  |TAMS 0x0000000709c00000, 0x0000000709c00000| Untracked 
|  71|0x0000000709e00000, 0x0000000709e00000, 0x000000070a000000|  0%| F|  |TAMS 0x0000000709e00000, 0x0000000709e00000| Untracked 
|  72|0x000000070a000000, 0x000000070a000000, 0x000000070a200000|  0%| F|  |TAMS 0x000000070a000000, 0x000000070a000000| Untracked 
|  73|0x000000070a200000, 0x000000070a200000, 0x000000070a400000|  0%| F|  |TAMS 0x000000070a200000, 0x000000070a200000| Untracked 
|  74|0x000000070a400000, 0x000000070a400000, 0x000000070a600000|  0%| F|  |TAMS 0x000000070a400000, 0x000000070a400000| Untracked 
|  75|0x000000070a600000, 0x000000070a600000, 0x000000070a800000|  0%| F|  |TAMS 0x000000070a600000, 0x000000070a600000| Untracked 
|  76|0x000000070a800000, 0x000000070a800000, 0x000000070aa00000|  0%| F|  |TAMS 0x000000070a800000, 0x000000070a800000| Untracked 
|  77|0x000000070aa00000, 0x000000070aa00000, 0x000000070ac00000|  0%| F|  |TAMS 0x000000070aa00000, 0x000000070aa00000| Untracked 
|  78|0x000000070ac00000, 0x000000070ac00000, 0x000000070ae00000|  0%| F|  |TAMS 0x000000070ac00000, 0x000000070ac00000| Untracked 
|  79|0x000000070ae00000, 0x000000070ae00000, 0x000000070b000000|  0%| F|  |TAMS 0x000000070ae00000, 0x000000070ae00000| Untracked 
|  80|0x000000070b000000, 0x000000070b000000, 0x000000070b200000|  0%| F|  |TAMS 0x000000070b000000, 0x000000070b000000| Untracked 
|  81|0x000000070b200000, 0x000000070b200000, 0x000000070b400000|  0%| F|  |TAMS 0x000000070b200000, 0x000000070b200000| Untracked 
|  82|0x000000070b400000, 0x000000070b400000, 0x000000070b600000|  0%| F|  |TAMS 0x000000070b400000, 0x000000070b400000| Untracked 
|  83|0x000000070b600000, 0x000000070b600000, 0x000000070b800000|  0%| F|  |TAMS 0x000000070b600000, 0x000000070b600000| Untracked 
|  84|0x000000070b800000, 0x000000070b800000, 0x000000070ba00000|  0%| F|  |TAMS 0x000000070b800000, 0x000000070b800000| Untracked 
|  85|0x000000070ba00000, 0x000000070ba00000, 0x000000070bc00000|  0%| F|  |TAMS 0x000000070ba00000, 0x000000070ba00000| Untracked 
|  86|0x000000070bc00000, 0x000000070bc00000, 0x000000070be00000|  0%| F|  |TAMS 0x000000070bc00000, 0x000000070bc00000| Untracked 
|  87|0x000000070be00000, 0x000000070be00000, 0x000000070c000000|  0%| F|  |TAMS 0x000000070be00000, 0x000000070be00000| Untracked 
|  88|0x000000070c000000, 0x000000070c000000, 0x000000070c200000|  0%| F|  |TAMS 0x000000070c000000, 0x000000070c000000| Untracked 
|  89|0x000000070c200000, 0x000000070c200000, 0x000000070c400000|  0%| F|  |TAMS 0x000000070c200000, 0x000000070c200000| Untracked 
|  90|0x000000070c400000, 0x000000070c400000, 0x000000070c600000|  0%| F|  |TAMS 0x000000070c400000, 0x000000070c400000| Untracked 
|  91|0x000000070c600000, 0x000000070c600000, 0x000000070c800000|  0%| F|  |TAMS 0x000000070c600000, 0x000000070c600000| Untracked 
|  92|0x000000070c800000, 0x000000070c800000, 0x000000070ca00000|  0%| F|  |TAMS 0x000000070c800000, 0x000000070c800000| Untracked 
|  93|0x000000070ca00000, 0x000000070ca00000, 0x000000070cc00000|  0%| F|  |TAMS 0x000000070ca00000, 0x000000070ca00000| Untracked 
|  94|0x000000070cc00000, 0x000000070cc00000, 0x000000070ce00000|  0%| F|  |TAMS 0x000000070cc00000, 0x000000070cc00000| Untracked 
|  95|0x000000070ce00000, 0x000000070ce00000, 0x000000070d000000|  0%| F|  |TAMS 0x000000070ce00000, 0x000000070ce00000| Untracked 
|  96|0x000000070d000000, 0x000000070d000000, 0x000000070d200000|  0%| F|  |TAMS 0x000000070d000000, 0x000000070d000000| Untracked 
|  97|0x000000070d200000, 0x000000070d200000, 0x000000070d400000|  0%| F|  |TAMS 0x000000070d200000, 0x000000070d200000| Untracked 
|  98|0x000000070d400000, 0x000000070d400000, 0x000000070d600000|  0%| F|  |TAMS 0x000000070d400000, 0x000000070d400000| Untracked 
|  99|0x000000070d600000, 0x000000070d600000, 0x000000070d800000|  0%| F|  |TAMS 0x000000070d600000, 0x000000070d600000| Untracked 
| 100|0x000000070d800000, 0x000000070d800000, 0x000000070da00000|  0%| F|  |TAMS 0x000000070d800000, 0x000000070d800000| Untracked 
| 101|0x000000070da00000, 0x000000070da00000, 0x000000070dc00000|  0%| F|  |TAMS 0x000000070da00000, 0x000000070da00000| Untracked 
| 102|0x000000070dc00000, 0x000000070dc00000, 0x000000070de00000|  0%| F|  |TAMS 0x000000070dc00000, 0x000000070dc00000| Untracked 
| 103|0x000000070de00000, 0x000000070de00000, 0x000000070e000000|  0%| F|  |TAMS 0x000000070de00000, 0x000000070de00000| Untracked 
| 104|0x000000070e000000, 0x000000070e000000, 0x000000070e200000|  0%| F|  |TAMS 0x000000070e000000, 0x000000070e000000| Untracked 
| 105|0x000000070e200000, 0x000000070e200000, 0x000000070e400000|  0%| F|  |TAMS 0x000000070e200000, 0x000000070e200000| Untracked 
| 106|0x000000070e400000, 0x000000070e400000, 0x000000070e600000|  0%| F|  |TAMS 0x000000070e400000, 0x000000070e400000| Untracked 
| 107|0x000000070e600000, 0x000000070e600000, 0x000000070e800000|  0%| F|  |TAMS 0x000000070e600000, 0x000000070e600000| Untracked 
| 108|0x000000070e800000, 0x000000070e800000, 0x000000070ea00000|  0%| F|  |TAMS 0x000000070e800000, 0x000000070e800000| Untracked 
| 109|0x000000070ea00000, 0x000000070ea00000, 0x000000070ec00000|  0%| F|  |TAMS 0x000000070ea00000, 0x000000070ea00000| Untracked 
| 110|0x000000070ec00000, 0x000000070ec00000, 0x000000070ee00000|  0%| F|  |TAMS 0x000000070ec00000, 0x000000070ec00000| Untracked 
| 111|0x000000070ee00000, 0x000000070ee00000, 0x000000070f000000|  0%| F|  |TAMS 0x000000070ee00000, 0x000000070ee00000| Untracked 
| 112|0x000000070f000000, 0x000000070f000000, 0x000000070f200000|  0%| F|  |TAMS 0x000000070f000000, 0x000000070f000000| Untracked 
| 113|0x000000070f200000, 0x000000070f200000, 0x000000070f400000|  0%| F|  |TAMS 0x000000070f200000, 0x000000070f200000| Untracked 
| 114|0x000000070f400000, 0x000000070f400000, 0x000000070f600000|  0%| F|  |TAMS 0x000000070f400000, 0x000000070f400000| Untracked 
| 115|0x000000070f600000, 0x000000070f600000, 0x000000070f800000|  0%| F|  |TAMS 0x000000070f600000, 0x000000070f600000| Untracked 
| 116|0x000000070f800000, 0x000000070f800000, 0x000000070fa00000|  0%| F|  |TAMS 0x000000070f800000, 0x000000070f800000| Untracked 
| 117|0x000000070fa00000, 0x000000070fa00000, 0x000000070fc00000|  0%| F|  |TAMS 0x000000070fa00000, 0x000000070fa00000| Untracked 
| 118|0x000000070fc00000, 0x000000070fc00000, 0x000000070fe00000|  0%| F|  |TAMS 0x000000070fc00000, 0x000000070fc00000| Untracked 
| 119|0x000000070fe00000, 0x000000070fe00000, 0x0000000710000000|  0%| F|  |TAMS 0x000000070fe00000, 0x000000070fe00000| Untracked 
| 120|0x0000000710000000, 0x0000000710000000, 0x0000000710200000|  0%| F|  |TAMS 0x0000000710000000, 0x0000000710000000| Untracked 
| 121|0x0000000710200000, 0x0000000710200000, 0x0000000710400000|  0%| F|  |TAMS 0x0000000710200000, 0x0000000710200000| Untracked 
| 122|0x0000000710400000, 0x0000000710400000, 0x0000000710600000|  0%| F|  |TAMS 0x0000000710400000, 0x0000000710400000| Untracked 
| 123|0x0000000710600000, 0x0000000710600000, 0x0000000710800000|  0%| F|  |TAMS 0x0000000710600000, 0x0000000710600000| Untracked 
| 124|0x0000000710800000, 0x0000000710800000, 0x0000000710a00000|  0%| F|  |TAMS 0x0000000710800000, 0x0000000710800000| Untracked 
| 125|0x0000000710a00000, 0x0000000710a00000, 0x0000000710c00000|  0%| F|  |TAMS 0x0000000710a00000, 0x0000000710a00000| Untracked 
| 126|0x0000000710c00000, 0x0000000710c00000, 0x0000000710e00000|  0%| F|  |TAMS 0x0000000710c00000, 0x0000000710c00000| Untracked 
| 127|0x0000000710e00000, 0x0000000710fc29f0, 0x0000000711000000| 88%| E|  |TAMS 0x0000000710e00000, 0x0000000710e00000| Complete 

Card table byte_map: [0x00000192d4d90000,0x00000192d5590000] _byte_map_base: 0x00000192d1588000

Marking Bits (Prev, Next): (CMBitMap*) 0x00000192bdb2d620, (CMBitMap*) 0x00000192bdb2d660
 Prev Bits: [0x00000192d5d90000, 0x00000192d9d50000)
 Next Bits: [0x00000192d9d50000, 0x00000192ddd10000)

Polling page: 0x00000192bd2c0000

Metaspace:

Usage:
  Non-class:    216.02 KB used.
      Class:      6.86 KB used.
       Both:    222.88 KB used.

Virtual space:
  Non-class space:        8.00 MB reserved,     320.00 KB (  4%) committed,  1 nodes.
      Class space:        1.00 GB reserved,     128.00 KB ( <1%) committed,  1 nodes.
              Both:        1.01 GB reserved,     448.00 KB ( <1%) committed. 

Chunk freelists:
   Non-Class:  4.00 MB
       Class:  3.75 MB
        Both:  7.75 MB

MaxMetaspaceSize: 17179869184.00 GB
CompressedClassSpaceSize: 1.00 GB
 - commit_granule_bytes: 65536.
 - commit_granule_words: 8192.
 - virtual_space_node_default_size: 1048576.
 - enlarge_chunks_in_place: 1.
 - new_chunks_are_fully_committed: 0.
 - uncommit_free_chunks: 1.
 - use_allocation_guard: 0.
 - handle_deallocations: 1.


Internal statistics:

num_allocs_failed_limit: 0.
num_arena_births: 4.
num_arena_deaths: 0.
num_vsnodes_births: 2.
num_vsnodes_deaths: 0.
num_space_committed: 7.
num_space_uncommitted: 0.
num_chunks_returned_to_freelist: 0.
num_chunks_taken_from_freelist: 5.
num_chunk_merges: 0.
num_chunk_splits: 2.
num_chunks_enlarged: 1.
num_purges: 0.

CodeHeap 'non-profiled nmethods': size=120000Kb used=15Kb max_used=15Kb free=119984Kb
 bounds [0x00000192ccd30000, 0x00000192ccfa0000, 0x00000192d4260000]
CodeHeap 'profiled nmethods': size=120000Kb used=20Kb max_used=20Kb free=119980Kb
 bounds [0x00000192c5800000, 0x00000192c5a70000, 0x00000192ccd30000]
CodeHeap 'non-nmethods': size=5760Kb used=1158Kb max_used=1158Kb free=4601Kb
 bounds [0x00000192c5260000, 0x00000192c54d0000, 0x00000192c5800000]
 total_blobs=387 nmethods=34 adapters=266
 compilation: enabled
              stopped_count=0, restarted_count=0
 full_count=0

Compilation events (20 events):
Event: 1.522 Thread 0x00000192e07576f0    7       3       java.util.ImmutableCollections$SetN::probe (56 bytes)
Event: 1.523 Thread 0x00000192e07576f0 nmethod 7 0x00000192c5801c10 code [0x00000192c5801e00, 0x00000192c5802378]
Event: 1.523 Thread 0x00000192e07576f0    6       3       java.lang.Math::floorMod (20 bytes)
Event: 1.523 Thread 0x00000192e07576f0 nmethod 6 0x00000192c5802590 code [0x00000192c5802720, 0x00000192c58028b8]
Event: 1.523 Thread 0x00000192e07576f0    8       3       java.lang.String::equals (50 bytes)
Event: 1.523 Thread 0x00000192e07576f0 nmethod 8 0x00000192c5802990 code [0x00000192c5802b60, 0x00000192c5802fe8]
Event: 1.523 Thread 0x00000192e07576f0    9       3       java.util.ImmutableCollections$SetN::hashCode (46 bytes)
Event: 1.523 Thread 0x00000192e07576f0 nmethod 9 0x00000192c5803110 code [0x00000192c58032c0, 0x00000192c58035c8]
Event: 1.523 Thread 0x00000192e07576f0   10       3       java.lang.StringLatin1::equals (36 bytes)
Event: 1.523 Thread 0x00000192e07576f0 nmethod 10 0x00000192c5803710 code [0x00000192c58038c0, 0x00000192c5803b78]
Event: 1.523 Thread 0x00000192e07576f0   11       3       java.util.Objects::equals (23 bytes)
Event: 1.523 Thread 0x00000192e07576f0 nmethod 11 0x00000192c5803c90 code [0x00000192c5803e40, 0x00000192c58040c8]
Event: 1.523 Thread 0x00000192e07576f0   12       3       java.util.Set::of (4 bytes)
Event: 1.523 Thread 0x00000192e07576f0 nmethod 12 0x00000192c5804190 code [0x00000192c5804320, 0x00000192c5804418]
Event: 1.523 Thread 0x00000192e07576f0   13       3       java.lang.module.ModuleDescriptor$Exports::<init> (20 bytes)
Event: 1.523 Thread 0x00000192e07576f0 nmethod 13 0x00000192c5804490 code [0x00000192c5804640, 0x00000192c58048d8]
Event: 1.523 Thread 0x00000192e07576f0   14       3       java.lang.module.ModuleDescriptor$Exports::hashCode (38 bytes)
Event: 1.524 Thread 0x00000192e0751530   15       4       java.lang.StringLatin1::hashCode (42 bytes)
Event: 1.524 Thread 0x00000192e07576f0 nmethod 14 0x00000192c5804990 code [0x00000192c5804b60, 0x00000192c5804e88]
Event: 1.524 Thread 0x00000192e07576f0   16       3       java.util.Objects::requireNonNull (14 bytes)

GC Heap History (0 events):
No events

Deoptimization events (0 events):
No events

Classes unloaded (0 events):
No events

Classes redefined (0 events):
No events

Internal exceptions (0 events):
No events

Events (20 events):
Event: 0.027 Thread 0x00000192bdadb990 Thread added: 0x00000192bdadb990
Event: 0.063 Thread 0x00000192e0737bf0 Thread added: 0x00000192e0737bf0
Event: 0.091 Thread 0x00000192e0738ab0 Thread added: 0x00000192e0738ab0
Event: 1.327 loading class sun/nio/cs/MS949
Event: 1.327 loading class sun/nio/cs/MS949 done
Event: 1.328 loading class sun/nio/cs/DoubleByte
Event: 1.328 loading class sun/nio/cs/DoubleByte done
Event: 1.329 loading class sun/nio/cs/DoubleByte$Decoder
Event: 1.329 loading class sun/nio/cs/DelegatableDecoder
Event: 1.329 loading class sun/nio/cs/DelegatableDecoder done
Event: 1.329 loading class sun/nio/cs/DoubleByte$Decoder done
Event: 1.330 loading class sun/nio/cs/UTF_8$Encoder
Event: 1.330 loading class sun/nio/cs/UTF_8$Encoder done
Event: 1.331 Thread 0x00000192e075d270 Thread added: 0x00000192e075d270
Event: 1.331 Thread 0x00000192e074d520 Thread added: 0x00000192e074d520
Event: 1.331 Thread 0x00000192e074de30 Thread added: 0x00000192e074de30
Event: 1.331 Thread 0x00000192e074e740 Thread added: 0x00000192e074e740
Event: 1.331 Thread 0x00000192e0751530 Thread added: 0x00000192e0751530
Event: 1.507 Thread 0x00000192e07576f0 Thread added: 0x00000192e07576f0
Event: 1.516 Thread 0x00000192e0759c60 Thread added: 0x00000192e0759c60


Dynamic libraries:
0x00007ff6a7890000 - 0x00007ff6a78a0000 	C:\Program Files\Java\jdk-16.0.1\bin\javaw.exe
0x00007fff1bc90000 - 0x00007fff1be85000 	C:\WINDOWS\SYSTEM32\ntdll.dll
0x00007fff1b3c0000 - 0x00007fff1b47e000 	C:\WINDOWS\System32\KERNEL32.DLL
0x00007fff197c0000 - 0x00007fff19a88000 	C:\WINDOWS\System32\KERNELBASE.dll
0x00007fff19bf0000 - 0x00007fff19cf0000 	C:\WINDOWS\System32\ucrtbase.dll
0x00007ffef41c0000 - 0x00007ffef41d8000 	C:\Program Files\Java\jdk-16.0.1\bin\jli.dll
0x00007fff0c820000 - 0x00007fff0c839000 	C:\Program Files\Java\jdk-16.0.1\bin\VCRUNTIME140.dll
0x00007fff1a900000 - 0x00007fff1a9ae000 	C:\WINDOWS\System32\ADVAPI32.dll
0x00007fff1b050000 - 0x00007fff1b0ee000 	C:\WINDOWS\System32\msvcrt.dll
0x00007fff1a850000 - 0x00007fff1a8ec000 	C:\WINDOWS\System32\sechost.dll
0x00007fff1a170000 - 0x00007fff1a295000 	C:\WINDOWS\System32\RPCRT4.dll
0x00007fff1b1c0000 - 0x00007fff1b360000 	C:\WINDOWS\System32\USER32.dll
0x00007fff19630000 - 0x00007fff19652000 	C:\WINDOWS\System32\win32u.dll
0x00007fff1a9b0000 - 0x00007fff1a9da000 	C:\WINDOWS\System32\GDI32.dll
0x00007fff193b0000 - 0x00007fff194bb000 	C:\WINDOWS\System32\gdi32full.dll
0x00007fff19660000 - 0x00007fff196fd000 	C:\WINDOWS\System32\msvcp_win.dll
0x00007fff06580000 - 0x00007fff0681a000 	C:\WINDOWS\WinSxS\amd64_microsoft.windows.common-controls_6595b64144ccf1df_6.0.19041.1110_none_60b5254171f9507e\COMCTL32.dll
0x00007fff121a0000 - 0x00007fff121aa000 	C:\WINDOWS\SYSTEM32\VERSION.dll
0x00007fff1a600000 - 0x00007fff1a630000 	C:\WINDOWS\System32\IMM32.DLL
0x00007fff0d4d0000 - 0x00007fff0d4dc000 	C:\Program Files\Java\jdk-16.0.1\bin\vcruntime140_1.dll
0x00007ffed7e40000 - 0x00007ffed7ed1000 	C:\Program Files\Java\jdk-16.0.1\bin\msvcp140.dll
0x00007ffed6860000 - 0x00007ffed740b000 	C:\Program Files\Java\jdk-16.0.1\bin\server\jvm.dll
0x00007fff1a8f0000 - 0x00007fff1a8f8000 	C:\WINDOWS\System32\PSAPI.DLL
0x00007ffeff860000 - 0x00007ffeff869000 	C:\WINDOWS\SYSTEM32\WSOCK32.dll
0x00007fff1b150000 - 0x00007fff1b1bb000 	C:\WINDOWS\System32\WS2_32.dll
0x00007fff103c0000 - 0x00007fff103e7000 	C:\WINDOWS\SYSTEM32\WINMM.dll
0x00007fff17db0000 - 0x00007fff17dc2000 	C:\WINDOWS\SYSTEM32\kernel.appcore.dll
0x00007fff169e0000 - 0x00007fff169ea000 	C:\Program Files\Java\jdk-16.0.1\bin\jimage.dll
0x00007fff17a70000 - 0x00007fff17c54000 	C:\WINDOWS\SYSTEM32\DBGHELP.DLL
0x00007ffef71e0000 - 0x00007ffef720c000 	C:\WINDOWS\SYSTEM32\dbgcore.DLL
0x00007fff19700000 - 0x00007fff19782000 	C:\WINDOWS\System32\bcryptPrimitives.dll
0x00007ffeea8b0000 - 0x00007ffeea8eb000 	C:\Program Files\Java\jdk-16.0.1\bin\jdwp.dll
0x00007fff0c810000 - 0x00007fff0c81e000 	C:\Program Files\Java\jdk-16.0.1\bin\instrument.dll
0x00007fff0f8c0000 - 0x00007fff0f8e5000 	C:\Program Files\Java\jdk-16.0.1\bin\java.dll
0x00007fff1b500000 - 0x00007fff1bc44000 	C:\WINDOWS\System32\SHELL32.dll
0x00007fff17200000 - 0x00007fff17994000 	C:\WINDOWS\SYSTEM32\windows.storage.dll
0x00007fff1a2a0000 - 0x00007fff1a5f4000 	C:\WINDOWS\System32\combase.dll
0x00007fff18db0000 - 0x00007fff18ddc000 	C:\WINDOWS\SYSTEM32\Wldp.dll
0x00007fff1afa0000 - 0x00007fff1b04d000 	C:\WINDOWS\System32\SHCORE.dll
0x00007fff1af40000 - 0x00007fff1af95000 	C:\WINDOWS\System32\shlwapi.dll
0x00007fff192f0000 - 0x00007fff1930f000 	C:\WINDOWS\SYSTEM32\profapi.dll

dbghelp: loaded successfully - version: 4.0.5 - missing functions: none
symbol engine: initialized successfully - sym options: 0x614 - pdb path: .;C:\Program Files\Java\jdk-16.0.1\bin;C:\WINDOWS\SYSTEM32;C:\WINDOWS\WinSxS\amd64_microsoft.windows.common-controls_6595b64144ccf1df_6.0.19041.1110_none_60b5254171f9507e;C:\Program Files\Java\jdk-16.0.1\bin\server

VM Arguments:
jvm_args: -XX:+ShowCodeDetailsInExceptionMessages -agentlib:jdwp=transport=dt_socket,suspend=y,address=localhost:6091 -javaagent:C:\Users\everyday\eclipse\java-2022-03\eclipse\configuration\org.eclipse.osgi\225\0\.cp\lib\javaagent-shaded.jar -Dfile.encoding=UTF-8 
java_command: sec02_loopcontrolstatement.EX02_WhileControlStatement.WhileControlStatement
java_class_path (initial): C:\Users\everyday\OneDrive\바탕 화면\자바 완전 정복\Chapter_04\bin
Launcher Type: SUN_STANDARD

[Global flags]
     intx CICompilerCount                          = 4                                         {product} {ergonomic}
     uint ConcGCThreads                            = 2                                         {product} {ergonomic}
     uint G1ConcRefinementThreads                  = 8                                         {product} {ergonomic}
   size_t G1HeapRegionSize                         = 2097152                                   {product} {ergonomic}
    uintx GCDrainStackTargetSize                   = 64                                        {product} {ergonomic}
   size_t InitialHeapSize                          = 268435456                                 {product} {ergonomic}
   size_t MarkStackSize                            = 4194304                                   {product} {ergonomic}
   size_t MaxHeapSize                              = 4278190080                                {product} {ergonomic}
   size_t MaxNewSize                               = 2566914048                                {product} {ergonomic}
   size_t MinHeapDeltaBytes                        = 2097152                                   {product} {ergonomic}
   size_t MinHeapSize                              = 8388608                                   {product} {ergonomic}
    uintx NonNMethodCodeHeapSize                   = 5839372                                {pd product} {ergonomic}
    uintx NonProfiledCodeHeapSize                  = 122909434                              {pd product} {ergonomic}
    uintx ProfiledCodeHeapSize                     = 122909434                              {pd product} {ergonomic}
    uintx ReservedCodeCacheSize                    = 251658240                              {pd product} {ergonomic}
     bool SegmentedCodeCache                       = true                                      {product} {ergonomic}
     bool ShowCodeDetailsInExceptionMessages       = true                                   {manageable} {command line}
   size_t SoftMaxHeapSize                          = 4278190080                             {manageable} {ergonomic}
     bool UseCompressedClassPointers               = true                           {product lp64_product} {ergonomic}
     bool UseCompressedOops                        = true                           {product lp64_product} {ergonomic}
     bool UseG1GC                                  = true                                      {product} {ergonomic}
     bool UseLargePagesIndividualAllocation        = false                                  {pd product} {ergonomic}

Logging:
Log output configuration:
 #0: stdout all=warning uptime,level,tags
 #1: stderr all=off uptime,level,tags

Environment Variables:
JAVA_HOME=C:\Program Files\Java\jdk-16.0.1
PATH=C:/Program Files/Java/jdk-16.0.1/bin/server;C:/Program Files/Java/jdk-16.0.1/bin;C:\Program Files\Eclipse Foundation\jdk-8.0.302.8-hotspot\bin;C:\Program Files\Common Files\Oracle\Java\javapath;C:\Program Files (x86)\Common Files\Oracle\Java\javapath;C:\WINDOWS\system32;C:\WINDOWS;C:\WINDOWS\System32\Wbem;C:\WINDOWS\System32\WindowsPowerShell\v1.0\;C:\WINDOWS\System32\OpenSSH\;C:\Program Files\mingw-w64\x86_64-8.1.0-posix-seh-rt_v6-rev0\mingw64\bin;C:\Program Files\Java\jdk-16.0.1\bin\;C:\Program Files\PuTTY\;C:\Program Files (x86)\NVIDIA Corporation\PhysX\Common;C:\Program Files\NVIDIA Corporation\NVIDIA NvDLISR;C:\Program Files\nodejs\;C:\Program Files\Git\cmd;C:\WINDOWS\system32;C:\Users\everyday\AppData\Local\Microsoft\WindowsApps;C:\Program Files\JetBrains\PyCharm Community Edition 2021.1.1\bin;;;C:\Program Files\JetBrains\IntelliJ IDEA 2021.1.3\bin;;C:\Users\everyday\AppData\Local\Programs\Microsoft VS Code\bin;C:\Users\everyday\AppData\Roaming\npm;C:\Users\everyday\eclipse\java-2022-03\eclipse;
USERNAME=everyday
LC_ALL=ko_KR.UTF-8
OS=Windows_NT
PROCESSOR_IDENTIFIER=Intel64 Family 6 Model 158 Stepping 13, GenuineIntel



---------------  S Y S T E M  ---------------

OS:
 Windows 10 , 64 bit Build 19041 (10.0.19041.1645)
OS uptime: 1 days 22:00 hours

CPU: total 8 (initial active 8) (8 cores per cpu, 1 threads per core) family 6 model 158 stepping 13 microcode 0xb0, cx8, cmov, fxsr, mmx, 3dnowpref, sse, sse2, sse3, ssse3, sse4.1, sse4.2, popcnt, lzcnt, tsc, tscinvbit, avx, avx2, aes, erms, clmul, bmi1, bmi2, rtm, adx, fma, vzeroupper, clflush, clflushopt

Memory: 4k page, system-wide physical 16318M (7750M free)
TotalPageFile size 44790M (AvailPageFile size 1445M)
current process WorkingSet (physical memory assigned to process): 28M, peak: 28M
current process commit charge ("private bytes"): 342M, peak: 342M

vm_info: Java HotSpot(TM) 64-Bit Server VM (16.0.1+9-24) for windows-amd64 JRE (16.0.1+9-24), built on Mar 26 2021 19:31:42 by "mach5one" with MS VC++ 16.7 (VS2019)

END.
