#
# There is insufficient memory for the Java Runtime Environment to continue.
# Native memory allocation (mmap) failed to map 65536 bytes for Failed to commit metaspace.
# Possible reasons:
#   The system is out of physical RAM or swap space
#   The process is running with CompressedOops enabled, and the Java Heap may be blocking the growth of the native heap
# Possible solutions:
#   Reduce memory load on the system
#   Increase physical memory or swap space
#   Check if swap backing store is full
#   Decrease Java heap size (-Xmx/-Xms)
#   Decrease number of Java threads
#   Decrease Java thread stack sizes (-Xss)
#   Set larger code cache with -XX:ReservedCodeCacheSize=
#   JVM is running with Zero Based Compressed Oops mode in which the Java heap is
#     placed in the first 32GB address space. The Java Heap base address is the
#     maximum limit for the native heap growth. Please use -XX:HeapBaseMinAddress
#     to set the Java Heap base and to place the Java Heap above 32GB virtual address.
# This output file may be truncated or incomplete.
#
#  Out of Memory Error (virtualSpaceNode.cpp:108), pid=29728, tid=14816
#
# JRE version: Java(TM) SE Runtime Environment (16.0.1+9) (build 16.0.1+9-24)
# Java VM: Java HotSpot(TM) 64-Bit Server VM (16.0.1+9-24, mixed mode, sharing, tiered, compressed oops, compressed class ptrs, g1 gc, windows-amd64)
# No core dump will be written. Minidumps are not enabled by default on client versions of Windows
#

---------------  S U M M A R Y ------------

Command Line: -XX:+ShowCodeDetailsInExceptionMessages -agentlib:jdwp=transport=dt_socket,suspend=y,address=localhost:6014 -javaagent:C:\Users\everyday\eclipse\java-2022-03\eclipse\configuration\org.eclipse.osgi\225\0\.cp\lib\javaagent-shaded.jar -Dfile.encoding=UTF-8 sec02_loopcontrolstatement.EX02_WhileControlStatement.WhileControlStatement

Host: Intel(R) Core(TM) i7-9700F CPU @ 3.00GHz, 8 cores, 15G,  Windows 10 , 64 bit Build 19041 (10.0.19041.1645)
Time: Wed Apr 27 22:42:36 2022  Windows 10 , 64 bit Build 19041 (10.0.19041.1645) elapsed time: 4.361802 seconds (0d 0h 0m 4s)

---------------  T H R E A D  ---------------

Current thread (0x0000026992acaba0):  JavaThread "main" [_thread_in_vm, id=14816, stack(0x000000fc18b00000,0x000000fc18c00000)]

Stack: [0x000000fc18b00000,0x000000fc18c00000]
Native frames: (J=compiled Java code, j=interpreted, Vv=VM code, C=native code)
V  [jvm.dll+0x6687ca]
V  [jvm.dll+0x7ca3c9]
V  [jvm.dll+0x7cbb53]
V  [jvm.dll+0x7cc1b3]
V  [jvm.dll+0x242ea5]
V  [jvm.dll+0x7c6a4b]
V  [jvm.dll+0x60e436]
V  [jvm.dll+0x60e49a]
V  [jvm.dll+0x610aca]
V  [jvm.dll+0x60ed31]
V  [jvm.dll+0x6193f7]
V  [jvm.dll+0x1e9a52]
V  [jvm.dll+0x1e9f85]
V  [jvm.dll+0x1eab0f]
V  [jvm.dll+0x1df8a1]
V  [jvm.dll+0x536728]
V  [jvm.dll+0x1f0fa2]
V  [jvm.dll+0x741e03]
V  [jvm.dll+0x7436a8]
V  [jvm.dll+0x7439d3]
V  [jvm.dll+0x23ad74]
V  [jvm.dll+0x23b012]
V  [jvm.dll+0x552398]
V  [jvm.dll+0x5551e0]
V  [jvm.dll+0x379fde]
V  [jvm.dll+0x37961f]
C  0x000002699a277262

Java frames: (J=compiled Java code, j=interpreted, Vv=VM code)
j  java.math.BigInteger.oddModPow(Ljava/math/BigInteger;Ljava/math/BigInteger;)Ljava/math/BigInteger;+201 java.base@16.0.1
j  java.math.BigInteger.modPow(Ljava/math/BigInteger;Ljava/math/BigInteger;)Ljava/math/BigInteger;+196 java.base@16.0.1
j  sun.security.rsa.RSACore.crypt([BLjava/math/BigInteger;Ljava/math/BigInteger;)[B+9 java.base@16.0.1
j  sun.security.rsa.RSACore.rsa([BLjava/security/interfaces/RSAPublicKey;)[B+13 java.base@16.0.1
j  sun.security.rsa.RSASignature.engineVerify([B)Z+82 java.base@16.0.1
j  java.security.Signature$Delegate.engineVerify([B)Z+9 java.base@16.0.1
j  java.security.Signature.verify([B)Z+10 java.base@16.0.1
j  sun.security.pkcs.SignerInfo.verify(Lsun/security/pkcs/PKCS7;[B)Lsun/security/pkcs/SignerInfo;+533 java.base@16.0.1
j  sun.security.pkcs.PKCS7.verify(Lsun/security/pkcs/SignerInfo;[B)Lsun/security/pkcs/SignerInfo;+3 java.base@16.0.1
j  sun.security.pkcs.PKCS7.verify([B)[Lsun/security/pkcs/SignerInfo;+27 java.base@16.0.1
j  sun.security.pkcs.SignerInfo.getTimestamp()Ljava/security/Timestamp;+45 java.base@16.0.1
j  sun.security.pkcs.SignerInfo.verify(Lsun/security/pkcs/PKCS7;[B)Lsun/security/pkcs/SignerInfo;+1 java.base@16.0.1
j  sun.security.pkcs.PKCS7.verify(Lsun/security/pkcs/SignerInfo;[B)Lsun/security/pkcs/SignerInfo;+3 java.base@16.0.1
j  sun.security.pkcs.PKCS7.verify([B)[Lsun/security/pkcs/SignerInfo;+27 java.base@16.0.1
j  sun.security.util.SignatureFileVerifier.processImpl(Ljava/util/Hashtable;Ljava/util/List;)V+59 java.base@16.0.1
j  sun.security.util.SignatureFileVerifier.process(Ljava/util/Hashtable;Ljava/util/List;)V+9 java.base@16.0.1
j  java.util.jar.JarVerifier.processEntry(Lsun/security/util/ManifestEntryVerifier;)V+385 java.base@16.0.1
j  java.util.jar.JarVerifier.update(I[BIILsun/security/util/ManifestEntryVerifier;)V+39 java.base@16.0.1
j  java.util.jar.JarFile.initializeVerifier()V+157 java.base@16.0.1
j  java.util.jar.JarFile.ensureInitialization()V+41 java.base@16.0.1
j  java.util.jar.JavaUtilJarAccessImpl.ensureInitialization(Ljava/util/jar/JarFile;)V+1 java.base@16.0.1
j  jdk.internal.loader.URLClassPath$JarLoader$2.getManifest()Ljava/util/jar/Manifest;+10 java.base@16.0.1
j  jdk.internal.loader.BuiltinClassLoader.defineClass(Ljava/lang/String;Ljdk/internal/loader/Resource;)Ljava/lang/Class;+29 java.base@16.0.1
j  jdk.internal.loader.BuiltinClassLoader.findClassOnClassPathOrNull(Ljava/lang/String;)Ljava/lang/Class;+37 java.base@16.0.1
j  jdk.internal.loader.BuiltinClassLoader.loadClassOrNull(Ljava/lang/String;Z)Ljava/lang/Class;+111 java.base@16.0.1
j  jdk.internal.loader.BuiltinClassLoader.loadClass(Ljava/lang/String;Z)Ljava/lang/Class;+3 java.base@16.0.1
j  jdk.internal.loader.ClassLoaders$AppClassLoader.loadClass(Ljava/lang/String;Z)Ljava/lang/Class;+36 java.base@16.0.1
j  java.lang.ClassLoader.loadClass(Ljava/lang/String;)Ljava/lang/Class;+3 java.base@16.0.1
j  sun.instrument.InstrumentationImpl.loadClassAndStartAgent(Ljava/lang/String;Ljava/lang/String;Ljava/lang/String;)V+8 java.instrument@16.0.1
j  sun.instrument.InstrumentationImpl.loadClassAndCallPremain(Ljava/lang/String;Ljava/lang/String;)V+6 java.instrument@16.0.1
v  ~StubRoutines::call_stub

---------------  P R O C E S S  ---------------

Threads class SMR info:
_java_thread_list=0x00000269b616f610, length=14, elements={
0x0000026992acaba0, 0x00000269b57352c0, 0x00000269b5738840, 0x00000269b575da30,
0x00000269b574c010, 0x00000269b574c920, 0x00000269b574d230, 0x00000269b574df20,
0x00000269b6031ca0, 0x00000269b60379d0, 0x00000269b609e2c0, 0x00000269b6181bc0,
0x00000269b618f040, 0x00000269b6191d00
}

Java Threads: ( => current thread )
=>0x0000026992acaba0 JavaThread "main" [_thread_in_vm, id=14816, stack(0x000000fc18b00000,0x000000fc18c00000)]
  0x00000269b57352c0 JavaThread "Reference Handler" daemon [_thread_blocked, id=34440, stack(0x000000fc19200000,0x000000fc19300000)]
  0x00000269b5738840 JavaThread "Finalizer" daemon [_thread_blocked, id=37428, stack(0x000000fc19300000,0x000000fc19400000)]
  0x00000269b575da30 JavaThread "Signal Dispatcher" daemon [_thread_blocked, id=33984, stack(0x000000fc19400000,0x000000fc19500000)]
  0x00000269b574c010 JavaThread "Attach Listener" daemon [_thread_blocked, id=34976, stack(0x000000fc19500000,0x000000fc19600000)]
  0x00000269b574c920 JavaThread "Service Thread" daemon [_thread_blocked, id=38264, stack(0x000000fc19600000,0x000000fc19700000)]
  0x00000269b574d230 JavaThread "Monitor Deflation Thread" daemon [_thread_blocked, id=21540, stack(0x000000fc19700000,0x000000fc19800000)]
  0x00000269b574df20 JavaThread "C2 CompilerThread0" daemon [_thread_blocked, id=31804, stack(0x000000fc19800000,0x000000fc19900000)]
  0x00000269b6031ca0 JavaThread "C1 CompilerThread0" daemon [_thread_blocked, id=32980, stack(0x000000fc19900000,0x000000fc19a00000)]
  0x00000269b60379d0 JavaThread "Sweeper thread" daemon [_thread_blocked, id=27116, stack(0x000000fc19a00000,0x000000fc19b00000)]
  0x00000269b609e2c0 JavaThread "Common-Cleaner" daemon [_thread_blocked, id=35424, stack(0x000000fc19b00000,0x000000fc19c00000)]
  0x00000269b6181bc0 JavaThread "JDWP Transport Listener: dt_socket" daemon [_thread_blocked, id=38596, stack(0x000000fc19d00000,0x000000fc19e00000)]
  0x00000269b618f040 JavaThread "JDWP Event Helper Thread" daemon [_thread_blocked, id=34788, stack(0x000000fc19e00000,0x000000fc19f00000)]
  0x00000269b6191d00 JavaThread "JDWP Command Reader" daemon [_thread_in_native, id=38452, stack(0x000000fc19f00000,0x000000fc1a000000)]

Other Threads:
  0x00000269b5731fd0 VMThread "VM Thread" [stack: 0x000000fc19100000,0x000000fc19200000] [id=37096] _threads_hazard_ptr=0x00000269b616f610
  0x0000026992b1cfe0 GCTaskThread "GC Thread#0" [stack: 0x000000fc18c00000,0x000000fc18d00000] [id=34060]
  0x0000026992b2de30 ConcurrentGCThread "G1 Main Marker" [stack: 0x000000fc18d00000,0x000000fc18e00000] [id=36340]
  0x0000026992b2e7b0 ConcurrentGCThread "G1 Conc#0" [stack: 0x000000fc18e00000,0x000000fc18f00000] [id=36708]
  0x0000026992ba2e90 ConcurrentGCThread "G1 Refine#0" [stack: 0x000000fc18f00000,0x000000fc19000000] [id=34064]
  0x0000026992ba3820 ConcurrentGCThread "G1 Service" [stack: 0x000000fc19000000,0x000000fc19100000] [id=12252]

Threads with active compile tasks:

VM state: synchronizing (normal execution)

VM Mutex/Monitor currently owned by a thread:  ([mutex/lock_event])
[0x0000026992ac52f0] MetaspaceExpand_lock - owner thread: 0x0000026992acaba0
[0x0000026992ac5fa0] Threads_lock - owner thread: 0x00000269b5731fd0

Heap address: 0x0000000701000000, size: 4080 MB, Compressed Oops mode: Zero based, Oop shift amount: 3

CDS archive(s) mapped at: [0x0000000800000000-0x0000000800bb0000-0x0000000800bb0000), size 12255232, SharedBaseAddress: 0x0000000800000000, ArchiveRelocationMode: 0.
Compressed class space mapped at: 0x0000000800c00000-0x0000000840c00000, reserved size: 1073741824
Narrow klass base: 0x0000000800000000, Narrow klass shift: 3, Narrow klass range: 0x100000000

GC Precious Log:
 CPUs: 8 total, 8 available
 Memory: 16318M
 Large Page Support: Disabled
 NUMA Support: Disabled
 Compressed Oops: Enabled (Zero based)
 Heap Region Size: 2M
 Heap Min Capacity: 8M
 Heap Initial Capacity: 256M
 Heap Max Capacity: 4080M
 Pre-touch: Disabled
 Parallel Workers: 8
 Concurrent Workers: 2
 Concurrent Refinement Workers: 8
 Periodic GC: Disabled

Heap:
 garbage-first heap   total 262144K, used 4096K [0x0000000701000000, 0x0000000800000000)
  region size 2048K, 3 young (6144K), 0 survivors (0K)
 Metaspace       used 2032K, committed 2176K, reserved 1056768K
  class space    used 175K, committed 256K, reserved 1048576K

Heap Regions: E=young(eden), S=young(survivor), O=old, HS=humongous(starts), HC=humongous(continues), CS=collection set, F=free, OA=open archive, CA=closed archive, TAMS=top-at-mark-start (previous, next)
|   0|0x0000000701000000, 0x0000000701000000, 0x0000000701200000|  0%| F|  |TAMS 0x0000000701000000, 0x0000000701000000| Untracked 
|   1|0x0000000701200000, 0x0000000701200000, 0x0000000701400000|  0%| F|  |TAMS 0x0000000701200000, 0x0000000701200000| Untracked 
|   2|0x0000000701400000, 0x0000000701400000, 0x0000000701600000|  0%| F|  |TAMS 0x0000000701400000, 0x0000000701400000| Untracked 
|   3|0x0000000701600000, 0x0000000701600000, 0x0000000701800000|  0%| F|  |TAMS 0x0000000701600000, 0x0000000701600000| Untracked 
|   4|0x0000000701800000, 0x0000000701800000, 0x0000000701a00000|  0%| F|  |TAMS 0x0000000701800000, 0x0000000701800000| Untracked 
|   5|0x0000000701a00000, 0x0000000701a00000, 0x0000000701c00000|  0%| F|  |TAMS 0x0000000701a00000, 0x0000000701a00000| Untracked 
|   6|0x0000000701c00000, 0x0000000701c00000, 0x0000000701e00000|  0%| F|  |TAMS 0x0000000701c00000, 0x0000000701c00000| Untracked 
|   7|0x0000000701e00000, 0x0000000701e00000, 0x0000000702000000|  0%| F|  |TAMS 0x0000000701e00000, 0x0000000701e00000| Untracked 
|   8|0x0000000702000000, 0x0000000702000000, 0x0000000702200000|  0%| F|  |TAMS 0x0000000702000000, 0x0000000702000000| Untracked 
|   9|0x0000000702200000, 0x0000000702200000, 0x0000000702400000|  0%| F|  |TAMS 0x0000000702200000, 0x0000000702200000| Untracked 
|  10|0x0000000702400000, 0x0000000702400000, 0x0000000702600000|  0%| F|  |TAMS 0x0000000702400000, 0x0000000702400000| Untracked 
|  11|0x0000000702600000, 0x0000000702600000, 0x0000000702800000|  0%| F|  |TAMS 0x0000000702600000, 0x0000000702600000| Untracked 
|  12|0x0000000702800000, 0x0000000702800000, 0x0000000702a00000|  0%| F|  |TAMS 0x0000000702800000, 0x0000000702800000| Untracked 
|  13|0x0000000702a00000, 0x0000000702a00000, 0x0000000702c00000|  0%| F|  |TAMS 0x0000000702a00000, 0x0000000702a00000| Untracked 
|  14|0x0000000702c00000, 0x0000000702c00000, 0x0000000702e00000|  0%| F|  |TAMS 0x0000000702c00000, 0x0000000702c00000| Untracked 
|  15|0x0000000702e00000, 0x0000000702e00000, 0x0000000703000000|  0%| F|  |TAMS 0x0000000702e00000, 0x0000000702e00000| Untracked 
|  16|0x0000000703000000, 0x0000000703000000, 0x0000000703200000|  0%| F|  |TAMS 0x0000000703000000, 0x0000000703000000| Untracked 
|  17|0x0000000703200000, 0x0000000703200000, 0x0000000703400000|  0%| F|  |TAMS 0x0000000703200000, 0x0000000703200000| Untracked 
|  18|0x0000000703400000, 0x0000000703400000, 0x0000000703600000|  0%| F|  |TAMS 0x0000000703400000, 0x0000000703400000| Untracked 
|  19|0x0000000703600000, 0x0000000703600000, 0x0000000703800000|  0%| F|  |TAMS 0x0000000703600000, 0x0000000703600000| Untracked 
|  20|0x0000000703800000, 0x0000000703800000, 0x0000000703a00000|  0%| F|  |TAMS 0x0000000703800000, 0x0000000703800000| Untracked 
|  21|0x0000000703a00000, 0x0000000703a00000, 0x0000000703c00000|  0%| F|  |TAMS 0x0000000703a00000, 0x0000000703a00000| Untracked 
|  22|0x0000000703c00000, 0x0000000703c00000, 0x0000000703e00000|  0%| F|  |TAMS 0x0000000703c00000, 0x0000000703c00000| Untracked 
|  23|0x0000000703e00000, 0x0000000703e00000, 0x0000000704000000|  0%| F|  |TAMS 0x0000000703e00000, 0x0000000703e00000| Untracked 
|  24|0x0000000704000000, 0x0000000704000000, 0x0000000704200000|  0%| F|  |TAMS 0x0000000704000000, 0x0000000704000000| Untracked 
|  25|0x0000000704200000, 0x0000000704200000, 0x0000000704400000|  0%| F|  |TAMS 0x0000000704200000, 0x0000000704200000| Untracked 
|  26|0x0000000704400000, 0x0000000704400000, 0x0000000704600000|  0%| F|  |TAMS 0x0000000704400000, 0x0000000704400000| Untracked 
|  27|0x0000000704600000, 0x0000000704600000, 0x0000000704800000|  0%| F|  |TAMS 0x0000000704600000, 0x0000000704600000| Untracked 
|  28|0x0000000704800000, 0x0000000704800000, 0x0000000704a00000|  0%| F|  |TAMS 0x0000000704800000, 0x0000000704800000| Untracked 
|  29|0x0000000704a00000, 0x0000000704a00000, 0x0000000704c00000|  0%| F|  |TAMS 0x0000000704a00000, 0x0000000704a00000| Untracked 
|  30|0x0000000704c00000, 0x0000000704c00000, 0x0000000704e00000|  0%| F|  |TAMS 0x0000000704c00000, 0x0000000704c00000| Untracked 
|  31|0x0000000704e00000, 0x0000000704e00000, 0x0000000705000000|  0%| F|  |TAMS 0x0000000704e00000, 0x0000000704e00000| Untracked 
|  32|0x0000000705000000, 0x0000000705000000, 0x0000000705200000|  0%| F|  |TAMS 0x0000000705000000, 0x0000000705000000| Untracked 
|  33|0x0000000705200000, 0x0000000705200000, 0x0000000705400000|  0%| F|  |TAMS 0x0000000705200000, 0x0000000705200000| Untracked 
|  34|0x0000000705400000, 0x0000000705400000, 0x0000000705600000|  0%| F|  |TAMS 0x0000000705400000, 0x0000000705400000| Untracked 
|  35|0x0000000705600000, 0x0000000705600000, 0x0000000705800000|  0%| F|  |TAMS 0x0000000705600000, 0x0000000705600000| Untracked 
|  36|0x0000000705800000, 0x0000000705800000, 0x0000000705a00000|  0%| F|  |TAMS 0x0000000705800000, 0x0000000705800000| Untracked 
|  37|0x0000000705a00000, 0x0000000705a00000, 0x0000000705c00000|  0%| F|  |TAMS 0x0000000705a00000, 0x0000000705a00000| Untracked 
|  38|0x0000000705c00000, 0x0000000705c00000, 0x0000000705e00000|  0%| F|  |TAMS 0x0000000705c00000, 0x0000000705c00000| Untracked 
|  39|0x0000000705e00000, 0x0000000705e00000, 0x0000000706000000|  0%| F|  |TAMS 0x0000000705e00000, 0x0000000705e00000| Untracked 
|  40|0x0000000706000000, 0x0000000706000000, 0x0000000706200000|  0%| F|  |TAMS 0x0000000706000000, 0x0000000706000000| Untracked 
|  41|0x0000000706200000, 0x0000000706200000, 0x0000000706400000|  0%| F|  |TAMS 0x0000000706200000, 0x0000000706200000| Untracked 
|  42|0x0000000706400000, 0x0000000706400000, 0x0000000706600000|  0%| F|  |TAMS 0x0000000706400000, 0x0000000706400000| Untracked 
|  43|0x0000000706600000, 0x0000000706600000, 0x0000000706800000|  0%| F|  |TAMS 0x0000000706600000, 0x0000000706600000| Untracked 
|  44|0x0000000706800000, 0x0000000706800000, 0x0000000706a00000|  0%| F|  |TAMS 0x0000000706800000, 0x0000000706800000| Untracked 
|  45|0x0000000706a00000, 0x0000000706a00000, 0x0000000706c00000|  0%| F|  |TAMS 0x0000000706a00000, 0x0000000706a00000| Untracked 
|  46|0x0000000706c00000, 0x0000000706c00000, 0x0000000706e00000|  0%| F|  |TAMS 0x0000000706c00000, 0x0000000706c00000| Untracked 
|  47|0x0000000706e00000, 0x0000000706e00000, 0x0000000707000000|  0%| F|  |TAMS 0x0000000706e00000, 0x0000000706e00000| Untracked 
|  48|0x0000000707000000, 0x0000000707000000, 0x0000000707200000|  0%| F|  |TAMS 0x0000000707000000, 0x0000000707000000| Untracked 
|  49|0x0000000707200000, 0x0000000707200000, 0x0000000707400000|  0%| F|  |TAMS 0x0000000707200000, 0x0000000707200000| Untracked 
|  50|0x0000000707400000, 0x0000000707400000, 0x0000000707600000|  0%| F|  |TAMS 0x0000000707400000, 0x0000000707400000| Untracked 
|  51|0x0000000707600000, 0x0000000707600000, 0x0000000707800000|  0%| F|  |TAMS 0x0000000707600000, 0x0000000707600000| Untracked 
|  52|0x0000000707800000, 0x0000000707800000, 0x0000000707a00000|  0%| F|  |TAMS 0x0000000707800000, 0x0000000707800000| Untracked 
|  53|0x0000000707a00000, 0x0000000707a00000, 0x0000000707c00000|  0%| F|  |TAMS 0x0000000707a00000, 0x0000000707a00000| Untracked 
|  54|0x0000000707c00000, 0x0000000707c00000, 0x0000000707e00000|  0%| F|  |TAMS 0x0000000707c00000, 0x0000000707c00000| Untracked 
|  55|0x0000000707e00000, 0x0000000707e00000, 0x0000000708000000|  0%| F|  |TAMS 0x0000000707e00000, 0x0000000707e00000| Untracked 
|  56|0x0000000708000000, 0x0000000708000000, 0x0000000708200000|  0%| F|  |TAMS 0x0000000708000000, 0x0000000708000000| Untracked 
|  57|0x0000000708200000, 0x0000000708200000, 0x0000000708400000|  0%| F|  |TAMS 0x0000000708200000, 0x0000000708200000| Untracked 
|  58|0x0000000708400000, 0x0000000708400000, 0x0000000708600000|  0%| F|  |TAMS 0x0000000708400000, 0x0000000708400000| Untracked 
|  59|0x0000000708600000, 0x0000000708600000, 0x0000000708800000|  0%| F|  |TAMS 0x0000000708600000, 0x0000000708600000| Untracked 
|  60|0x0000000708800000, 0x0000000708800000, 0x0000000708a00000|  0%| F|  |TAMS 0x0000000708800000, 0x0000000708800000| Untracked 
|  61|0x0000000708a00000, 0x0000000708a00000, 0x0000000708c00000|  0%| F|  |TAMS 0x0000000708a00000, 0x0000000708a00000| Untracked 
|  62|0x0000000708c00000, 0x0000000708c00000, 0x0000000708e00000|  0%| F|  |TAMS 0x0000000708c00000, 0x0000000708c00000| Untracked 
|  63|0x0000000708e00000, 0x0000000708e00000, 0x0000000709000000|  0%| F|  |TAMS 0x0000000708e00000, 0x0000000708e00000| Untracked 
|  64|0x0000000709000000, 0x0000000709000000, 0x0000000709200000|  0%| F|  |TAMS 0x0000000709000000, 0x0000000709000000| Untracked 
|  65|0x0000000709200000, 0x0000000709200000, 0x0000000709400000|  0%| F|  |TAMS 0x0000000709200000, 0x0000000709200000| Untracked 
|  66|0x0000000709400000, 0x0000000709400000, 0x0000000709600000|  0%| F|  |TAMS 0x0000000709400000, 0x0000000709400000| Untracked 
|  67|0x0000000709600000, 0x0000000709600000, 0x0000000709800000|  0%| F|  |TAMS 0x0000000709600000, 0x0000000709600000| Untracked 
|  68|0x0000000709800000, 0x0000000709800000, 0x0000000709a00000|  0%| F|  |TAMS 0x0000000709800000, 0x0000000709800000| Untracked 
|  69|0x0000000709a00000, 0x0000000709a00000, 0x0000000709c00000|  0%| F|  |TAMS 0x0000000709a00000, 0x0000000709a00000| Untracked 
|  70|0x0000000709c00000, 0x0000000709c00000, 0x0000000709e00000|  0%| F|  |TAMS 0x0000000709c00000, 0x0000000709c00000| Untracked 
|  71|0x0000000709e00000, 0x0000000709e00000, 0x000000070a000000|  0%| F|  |TAMS 0x0000000709e00000, 0x0000000709e00000| Untracked 
|  72|0x000000070a000000, 0x000000070a000000, 0x000000070a200000|  0%| F|  |TAMS 0x000000070a000000, 0x000000070a000000| Untracked 
|  73|0x000000070a200000, 0x000000070a200000, 0x000000070a400000|  0%| F|  |TAMS 0x000000070a200000, 0x000000070a200000| Untracked 
|  74|0x000000070a400000, 0x000000070a400000, 0x000000070a600000|  0%| F|  |TAMS 0x000000070a400000, 0x000000070a400000| Untracked 
|  75|0x000000070a600000, 0x000000070a600000, 0x000000070a800000|  0%| F|  |TAMS 0x000000070a600000, 0x000000070a600000| Untracked 
|  76|0x000000070a800000, 0x000000070a800000, 0x000000070aa00000|  0%| F|  |TAMS 0x000000070a800000, 0x000000070a800000| Untracked 
|  77|0x000000070aa00000, 0x000000070aa00000, 0x000000070ac00000|  0%| F|  |TAMS 0x000000070aa00000, 0x000000070aa00000| Untracked 
|  78|0x000000070ac00000, 0x000000070ac00000, 0x000000070ae00000|  0%| F|  |TAMS 0x000000070ac00000, 0x000000070ac00000| Untracked 
|  79|0x000000070ae00000, 0x000000070ae00000, 0x000000070b000000|  0%| F|  |TAMS 0x000000070ae00000, 0x000000070ae00000| Untracked 
|  80|0x000000070b000000, 0x000000070b000000, 0x000000070b200000|  0%| F|  |TAMS 0x000000070b000000, 0x000000070b000000| Untracked 
|  81|0x000000070b200000, 0x000000070b200000, 0x000000070b400000|  0%| F|  |TAMS 0x000000070b200000, 0x000000070b200000| Untracked 
|  82|0x000000070b400000, 0x000000070b400000, 0x000000070b600000|  0%| F|  |TAMS 0x000000070b400000, 0x000000070b400000| Untracked 
|  83|0x000000070b600000, 0x000000070b600000, 0x000000070b800000|  0%| F|  |TAMS 0x000000070b600000, 0x000000070b600000| Untracked 
|  84|0x000000070b800000, 0x000000070b800000, 0x000000070ba00000|  0%| F|  |TAMS 0x000000070b800000, 0x000000070b800000| Untracked 
|  85|0x000000070ba00000, 0x000000070ba00000, 0x000000070bc00000|  0%| F|  |TAMS 0x000000070ba00000, 0x000000070ba00000| Untracked 
|  86|0x000000070bc00000, 0x000000070bc00000, 0x000000070be00000|  0%| F|  |TAMS 0x000000070bc00000, 0x000000070bc00000| Untracked 
|  87|0x000000070be00000, 0x000000070be00000, 0x000000070c000000|  0%| F|  |TAMS 0x000000070be00000, 0x000000070be00000| Untracked 
|  88|0x000000070c000000, 0x000000070c000000, 0x000000070c200000|  0%| F|  |TAMS 0x000000070c000000, 0x000000070c000000| Untracked 
|  89|0x000000070c200000, 0x000000070c200000, 0x000000070c400000|  0%| F|  |TAMS 0x000000070c200000, 0x000000070c200000| Untracked 
|  90|0x000000070c400000, 0x000000070c400000, 0x000000070c600000|  0%| F|  |TAMS 0x000000070c400000, 0x000000070c400000| Untracked 
|  91|0x000000070c600000, 0x000000070c600000, 0x000000070c800000|  0%| F|  |TAMS 0x000000070c600000, 0x000000070c600000| Untracked 
|  92|0x000000070c800000, 0x000000070c800000, 0x000000070ca00000|  0%| F|  |TAMS 0x000000070c800000, 0x000000070c800000| Untracked 
|  93|0x000000070ca00000, 0x000000070ca00000, 0x000000070cc00000|  0%| F|  |TAMS 0x000000070ca00000, 0x000000070ca00000| Untracked 
|  94|0x000000070cc00000, 0x000000070cc00000, 0x000000070ce00000|  0%| F|  |TAMS 0x000000070cc00000, 0x000000070cc00000| Untracked 
|  95|0x000000070ce00000, 0x000000070ce00000, 0x000000070d000000|  0%| F|  |TAMS 0x000000070ce00000, 0x000000070ce00000| Untracked 
|  96|0x000000070d000000, 0x000000070d000000, 0x000000070d200000|  0%| F|  |TAMS 0x000000070d000000, 0x000000070d000000| Untracked 
|  97|0x000000070d200000, 0x000000070d200000, 0x000000070d400000|  0%| F|  |TAMS 0x000000070d200000, 0x000000070d200000| Untracked 
|  98|0x000000070d400000, 0x000000070d400000, 0x000000070d600000|  0%| F|  |TAMS 0x000000070d400000, 0x000000070d400000| Untracked 
|  99|0x000000070d600000, 0x000000070d600000, 0x000000070d800000|  0%| F|  |TAMS 0x000000070d600000, 0x000000070d600000| Untracked 
| 100|0x000000070d800000, 0x000000070d800000, 0x000000070da00000|  0%| F|  |TAMS 0x000000070d800000, 0x000000070d800000| Untracked 
| 101|0x000000070da00000, 0x000000070da00000, 0x000000070dc00000|  0%| F|  |TAMS 0x000000070da00000, 0x000000070da00000| Untracked 
| 102|0x000000070dc00000, 0x000000070dc00000, 0x000000070de00000|  0%| F|  |TAMS 0x000000070dc00000, 0x000000070dc00000| Untracked 
| 103|0x000000070de00000, 0x000000070de00000, 0x000000070e000000|  0%| F|  |TAMS 0x000000070de00000, 0x000000070de00000| Untracked 
| 104|0x000000070e000000, 0x000000070e000000, 0x000000070e200000|  0%| F|  |TAMS 0x000000070e000000, 0x000000070e000000| Untracked 
| 105|0x000000070e200000, 0x000000070e200000, 0x000000070e400000|  0%| F|  |TAMS 0x000000070e200000, 0x000000070e200000| Untracked 
| 106|0x000000070e400000, 0x000000070e400000, 0x000000070e600000|  0%| F|  |TAMS 0x000000070e400000, 0x000000070e400000| Untracked 
| 107|0x000000070e600000, 0x000000070e600000, 0x000000070e800000|  0%| F|  |TAMS 0x000000070e600000, 0x000000070e600000| Untracked 
| 108|0x000000070e800000, 0x000000070e800000, 0x000000070ea00000|  0%| F|  |TAMS 0x000000070e800000, 0x000000070e800000| Untracked 
| 109|0x000000070ea00000, 0x000000070ea00000, 0x000000070ec00000|  0%| F|  |TAMS 0x000000070ea00000, 0x000000070ea00000| Untracked 
| 110|0x000000070ec00000, 0x000000070ec00000, 0x000000070ee00000|  0%| F|  |TAMS 0x000000070ec00000, 0x000000070ec00000| Untracked 
| 111|0x000000070ee00000, 0x000000070ee00000, 0x000000070f000000|  0%| F|  |TAMS 0x000000070ee00000, 0x000000070ee00000| Untracked 
| 112|0x000000070f000000, 0x000000070f000000, 0x000000070f200000|  0%| F|  |TAMS 0x000000070f000000, 0x000000070f000000| Untracked 
| 113|0x000000070f200000, 0x000000070f200000, 0x000000070f400000|  0%| F|  |TAMS 0x000000070f200000, 0x000000070f200000| Untracked 
| 114|0x000000070f400000, 0x000000070f400000, 0x000000070f600000|  0%| F|  |TAMS 0x000000070f400000, 0x000000070f400000| Untracked 
| 115|0x000000070f600000, 0x000000070f600000, 0x000000070f800000|  0%| F|  |TAMS 0x000000070f600000, 0x000000070f600000| Untracked 
| 116|0x000000070f800000, 0x000000070f800000, 0x000000070fa00000|  0%| F|  |TAMS 0x000000070f800000, 0x000000070f800000| Untracked 
| 117|0x000000070fa00000, 0x000000070fa00000, 0x000000070fc00000|  0%| F|  |TAMS 0x000000070fa00000, 0x000000070fa00000| Untracked 
| 118|0x000000070fc00000, 0x000000070fc00000, 0x000000070fe00000|  0%| F|  |TAMS 0x000000070fc00000, 0x000000070fc00000| Untracked 
| 119|0x000000070fe00000, 0x000000070fe00000, 0x0000000710000000|  0%| F|  |TAMS 0x000000070fe00000, 0x000000070fe00000| Untracked 
| 120|0x0000000710000000, 0x0000000710000000, 0x0000000710200000|  0%| F|  |TAMS 0x0000000710000000, 0x0000000710000000| Untracked 
| 121|0x0000000710200000, 0x0000000710200000, 0x0000000710400000|  0%| F|  |TAMS 0x0000000710200000, 0x0000000710200000| Untracked 
| 122|0x0000000710400000, 0x0000000710400000, 0x0000000710600000|  0%| F|  |TAMS 0x0000000710400000, 0x0000000710400000| Untracked 
| 123|0x0000000710600000, 0x0000000710600000, 0x0000000710800000|  0%| F|  |TAMS 0x0000000710600000, 0x0000000710600000| Untracked 
| 124|0x0000000710800000, 0x0000000710800000, 0x0000000710a00000|  0%| F|  |TAMS 0x0000000710800000, 0x0000000710800000| Untracked 
| 125|0x0000000710a00000, 0x0000000710aa10b0, 0x0000000710c00000| 31%| E|  |TAMS 0x0000000710a00000, 0x0000000710a00000| Complete 
| 126|0x0000000710c00000, 0x0000000710e00000, 0x0000000710e00000|100%| E|CS|TAMS 0x0000000710c00000, 0x0000000710c00000| Complete 
| 127|0x0000000710e00000, 0x0000000711000000, 0x0000000711000000|100%| E|CS|TAMS 0x0000000710e00000, 0x0000000710e00000| Complete 

Card table byte_map: [0x00000269a9d80000,0x00000269aa580000] _byte_map_base: 0x00000269a6578000

Marking Bits (Prev, Next): (CMBitMap*) 0x0000026992b1d560, (CMBitMap*) 0x0000026992b1d5a0
 Prev Bits: [0x00000269aad80000, 0x00000269aed40000)
 Next Bits: [0x00000269aed40000, 0x00000269b2d00000)

Polling page: 0x0000026990a40000

Metaspace:

Usage:
  Non-class:      1.81 MB used.
      Class:    175.39 KB used.
       Both:      1.98 MB used.

Virtual space:
  Non-class space:        8.00 MB reserved,       1.88 MB ( 23%) committed,  1 nodes.
      Class space:        1.00 GB reserved,     256.00 KB ( <1%) committed,  1 nodes.
              Both:        1.01 GB reserved,       2.12 MB ( <1%) committed. 

Chunk freelists:
   Non-Class:  4.00 MB
       Class:  3.75 MB
        Both:  7.75 MB

MaxMetaspaceSize: 17179869184.00 GB
CompressedClassSpaceSize: 1.00 GB
 - commit_granule_bytes: 65536.
 - commit_granule_words: 8192.
 - virtual_space_node_default_size: 1048576.
 - enlarge_chunks_in_place: 1.
 - new_chunks_are_fully_committed: 0.
 - uncommit_free_chunks: 1.
 - use_allocation_guard: 0.
 - handle_deallocations: 1.


Internal statistics:

num_allocs_failed_limit: 0.
num_arena_births: 4.
num_arena_deaths: 0.
num_vsnodes_births: 2.
num_vsnodes_deaths: 0.
num_space_committed: 34.
num_space_uncommitted: 0.
num_chunks_returned_to_freelist: 0.
num_chunks_taken_from_freelist: 5.
num_chunk_merges: 0.
num_chunk_splits: 2.
num_chunks_enlarged: 1.
num_purges: 0.

CodeHeap 'non-profiled nmethods': size=120000Kb used=91Kb max_used=91Kb free=119908Kb
 bounds [0x00000269a1d20000, 0x00000269a1f90000, 0x00000269a9250000]
CodeHeap 'profiled nmethods': size=120000Kb used=405Kb max_used=405Kb free=119595Kb
 bounds [0x000002699a7f0000, 0x000002699aa60000, 0x00000269a1d20000]
CodeHeap 'non-nmethods': size=5760Kb used=1210Kb max_used=1224Kb free=4549Kb
 bounds [0x000002699a250000, 0x000002699a4c0000, 0x000002699a7f0000]
 total_blobs=717 nmethods=298 adapters=332
 compilation: enabled
              stopped_count=0, restarted_count=0
 full_count=0

Compilation events (20 events):
Event: 3.668 Thread 0x00000269b574df20 nmethod 295 0x00000269a1d35c10 code [0x00000269a1d35d80, 0x00000269a1d35dd8]
Event: 3.668 Thread 0x00000269b6031ca0 nmethod 293 0x000002699a852910 code [0x000002699a852b60, 0x000002699a8533a8]
Event: 3.668 Thread 0x00000269b6031ca0  294       3       java.nio.ByteBufferAsCharBufferB::byteOffset (9 bytes)
Event: 3.668 Thread 0x00000269b6031ca0 nmethod 294 0x000002699a853810 code [0x000002699a8539a0, 0x000002699a853ab8]
Event: 3.668 Thread 0x00000269b6031ca0  287   !   3       jdk.internal.misc.ScopedMemoryAccess::getCharUnalignedInternal (38 bytes)
Event: 3.668 Thread 0x00000269b6031ca0 nmethod 287 0x000002699a853b90 code [0x000002699a853d60, 0x000002699a8540b8]
Event: 3.668 Thread 0x00000269b6031ca0  286   !   3       jdk.internal.misc.ScopedMemoryAccess::getCharUnaligned (22 bytes)
Event: 3.668 Thread 0x00000269b574df20  296       4       jdk.internal.misc.Unsafe::convEndian (16 bytes)
Event: 3.669 Thread 0x00000269b6031ca0 nmethod 286 0x000002699a854290 code [0x000002699a854480, 0x000002699a854988]
Event: 3.669 Thread 0x00000269b6031ca0  288       2       jdk.internal.misc.Unsafe::getCharUnaligned (12 bytes)
Event: 3.669 Thread 0x00000269b574df20 nmethod 296 0x00000269a1d35f10 code [0x00000269a1d36080, 0x00000269a1d360f8]
Event: 3.669 Thread 0x00000269b574df20  297       4       java.nio.ByteBufferAsCharBufferB::get (30 bytes)
Event: 3.669 Thread 0x00000269b6031ca0 nmethod 288 0x000002699a854c90 code [0x000002699a854e20, 0x000002699a854f58]
Event: 3.669 Thread 0x00000269b6031ca0  289       2       jdk.internal.misc.Unsafe::getCharUnaligned (34 bytes)
Event: 3.669 Thread 0x00000269b6031ca0 nmethod 289 0x000002699a855010 code [0x000002699a8551a0, 0x000002699a855358]
Event: 3.670 Thread 0x00000269b574df20 nmethod 297 0x00000269a1d36210 code [0x00000269a1d363c0, 0x00000269a1d36538]
Event: 3.670 Thread 0x00000269b574df20  299       4       java.lang.StringUTF16::putChar (54 bytes)
Event: 3.670 Thread 0x00000269b574df20 nmethod 299 0x00000269a1d36690 code [0x00000269a1d36820, 0x00000269a1d36938]
Event: 3.670 Thread 0x00000269b574df20  298       4       jdk.internal.misc.Unsafe::getCharUnaligned (12 bytes)
Event: 3.670 Thread 0x00000269b574df20 nmethod 298 0x00000269a1d36a10 code [0x00000269a1d36ba0, 0x00000269a1d36c78]

GC Heap History (0 events):
No events

Deoptimization events (4 events):
Event: 3.387 Thread 0x0000026992acaba0 Uncommon trap: trap_request=0xffffff45 fr.pc=0x00000269a1d2d360 relative=0x0000000000000b60
Event: 3.387 Thread 0x0000026992acaba0 Uncommon trap: reason=unstable_if action=reinterpret pc=0x00000269a1d2d360 method=java.util.HashMap.putVal(ILjava/lang/Object;Ljava/lang/Object;ZZ)Ljava/lang/Object; @ 181 c2
Event: 3.389 Thread 0x0000026992acaba0 DEOPT PACKING pc=0x00000269a1d2d360 sp=0x000000fc18bfe360
Event: 3.389 Thread 0x0000026992acaba0 DEOPT UNPACKING pc=0x000002699a29d72e sp=0x000000fc18bfe320 mode 2

Classes unloaded (0 events):
No events

Classes redefined (0 events):
No events

Internal exceptions (0 events):
No events

Events (20 events):
Event: 3.670 loading class java/security/PrivateKey done
Event: 3.670 loading class java/security/interfaces/RSAPrivateKey done
Event: 3.670 loading class sun/security/rsa/RSASignature$SHA256withRSA
Event: 3.670 loading class sun/security/rsa/RSASignature
Event: 3.671 loading class sun/security/rsa/RSASignature done
Event: 3.671 loading class sun/security/rsa/RSASignature$SHA256withRSA done
Event: 3.671 loading class sun/security/rsa/RSAPrivateKeyImpl
Event: 3.671 loading class sun/security/pkcs/PKCS8Key
Event: 3.671 loading class sun/security/pkcs/PKCS8Key done
Event: 3.671 loading class sun/security/rsa/RSAPrivateKeyImpl done
Event: 3.671 loading class sun/security/rsa/RSAPrivateCrtKeyImpl
Event: 3.671 loading class java/security/interfaces/RSAPrivateCrtKey
Event: 3.671 loading class java/security/interfaces/RSAPrivateCrtKey done
Event: 3.671 loading class sun/security/rsa/RSAPrivateCrtKeyImpl done
Event: 3.671 loading class sun/security/rsa/RSACore
Event: 3.731 loading class sun/security/rsa/RSACore done
Event: 3.732 loading class sun/security/rsa/RSAPadding
Event: 3.732 loading class sun/security/rsa/RSAPadding done
Event: 3.732 loading class java/math/MutableBigInteger
Event: 3.869 Executing  VM operation: Cleanup


Dynamic libraries:
0x00007ff6a7890000 - 0x00007ff6a78a0000 	C:\Program Files\Java\jdk-16.0.1\bin\javaw.exe
0x00007fff1bc90000 - 0x00007fff1be85000 	C:\WINDOWS\SYSTEM32\ntdll.dll
0x00007fff1b3c0000 - 0x00007fff1b47e000 	C:\WINDOWS\System32\KERNEL32.DLL
0x00007fff197c0000 - 0x00007fff19a88000 	C:\WINDOWS\System32\KERNELBASE.dll
0x00007fff19bf0000 - 0x00007fff19cf0000 	C:\WINDOWS\System32\ucrtbase.dll
0x00007ffef41c0000 - 0x00007ffef41d8000 	C:\Program Files\Java\jdk-16.0.1\bin\jli.dll
0x00007fff1a900000 - 0x00007fff1a9ae000 	C:\WINDOWS\System32\ADVAPI32.dll
0x00007fff1b050000 - 0x00007fff1b0ee000 	C:\WINDOWS\System32\msvcrt.dll
0x00007fff1a850000 - 0x00007fff1a8ec000 	C:\WINDOWS\System32\sechost.dll
0x00007fff1a170000 - 0x00007fff1a295000 	C:\WINDOWS\System32\RPCRT4.dll
0x00007fff1b1c0000 - 0x00007fff1b360000 	C:\WINDOWS\System32\USER32.dll
0x00007fff19630000 - 0x00007fff19652000 	C:\WINDOWS\System32\win32u.dll
0x00007fff1a9b0000 - 0x00007fff1a9da000 	C:\WINDOWS\System32\GDI32.dll
0x00007fff193b0000 - 0x00007fff194bb000 	C:\WINDOWS\System32\gdi32full.dll
0x00007fff19660000 - 0x00007fff196fd000 	C:\WINDOWS\System32\msvcp_win.dll
0x00007fff06580000 - 0x00007fff0681a000 	C:\WINDOWS\WinSxS\amd64_microsoft.windows.common-controls_6595b64144ccf1df_6.0.19041.1110_none_60b5254171f9507e\COMCTL32.dll
0x00007fff0c820000 - 0x00007fff0c839000 	C:\Program Files\Java\jdk-16.0.1\bin\VCRUNTIME140.dll
0x00007fff121a0000 - 0x00007fff121aa000 	C:\WINDOWS\SYSTEM32\VERSION.dll
0x00007fff1a600000 - 0x00007fff1a630000 	C:\WINDOWS\System32\IMM32.DLL
0x00007fff0d4d0000 - 0x00007fff0d4dc000 	C:\Program Files\Java\jdk-16.0.1\bin\vcruntime140_1.dll
0x00007ffed7e40000 - 0x00007ffed7ed1000 	C:\Program Files\Java\jdk-16.0.1\bin\msvcp140.dll
0x00007ffed6860000 - 0x00007ffed740b000 	C:\Program Files\Java\jdk-16.0.1\bin\server\jvm.dll
0x00007fff1a8f0000 - 0x00007fff1a8f8000 	C:\WINDOWS\System32\PSAPI.DLL
0x00007ffeff860000 - 0x00007ffeff869000 	C:\WINDOWS\SYSTEM32\WSOCK32.dll
0x00007fff1b150000 - 0x00007fff1b1bb000 	C:\WINDOWS\System32\WS2_32.dll
0x00007fff103c0000 - 0x00007fff103e7000 	C:\WINDOWS\SYSTEM32\WINMM.dll
0x00007fff17db0000 - 0x00007fff17dc2000 	C:\WINDOWS\SYSTEM32\kernel.appcore.dll
0x00007fff169e0000 - 0x00007fff169ea000 	C:\Program Files\Java\jdk-16.0.1\bin\jimage.dll
0x00007fff17a70000 - 0x00007fff17c54000 	C:\WINDOWS\SYSTEM32\DBGHELP.DLL
0x00007ffef71e0000 - 0x00007ffef720c000 	C:\WINDOWS\SYSTEM32\dbgcore.DLL
0x00007fff19700000 - 0x00007fff19782000 	C:\WINDOWS\System32\bcryptPrimitives.dll
0x00007ffeea8b0000 - 0x00007ffeea8eb000 	C:\Program Files\Java\jdk-16.0.1\bin\jdwp.dll
0x00007fff0c810000 - 0x00007fff0c81e000 	C:\Program Files\Java\jdk-16.0.1\bin\instrument.dll
0x00007fff0f8c0000 - 0x00007fff0f8e5000 	C:\Program Files\Java\jdk-16.0.1\bin\java.dll
0x00007fff1b500000 - 0x00007fff1bc44000 	C:\WINDOWS\System32\SHELL32.dll
0x00007fff17200000 - 0x00007fff17994000 	C:\WINDOWS\SYSTEM32\windows.storage.dll
0x00007fff1a2a0000 - 0x00007fff1a5f4000 	C:\WINDOWS\System32\combase.dll
0x00007fff18db0000 - 0x00007fff18ddc000 	C:\WINDOWS\SYSTEM32\Wldp.dll
0x00007fff1afa0000 - 0x00007fff1b04d000 	C:\WINDOWS\System32\SHCORE.dll
0x00007fff1af40000 - 0x00007fff1af95000 	C:\WINDOWS\System32\shlwapi.dll
0x00007fff192f0000 - 0x00007fff1930f000 	C:\WINDOWS\SYSTEM32\profapi.dll
0x00007fff0c6b0000 - 0x00007fff0c6bc000 	C:\Program Files\Java\jdk-16.0.1\bin\dt_socket.dll
0x00007fff187a0000 - 0x00007fff187db000 	C:\WINDOWS\SYSTEM32\IPHLPAPI.DLL
0x00007fff18ab0000 - 0x00007fff18b1a000 	C:\WINDOWS\system32\mswsock.dll
0x00007fff187e0000 - 0x00007fff188ab000 	C:\WINDOWS\SYSTEM32\DNSAPI.dll
0x00007fff1abf0000 - 0x00007fff1abf8000 	C:\WINDOWS\System32\NSI.dll
0x00007fff12e10000 - 0x00007fff12e1a000 	C:\Windows\System32\rasadhlp.dll
0x00007fff126e0000 - 0x00007fff1275f000 	C:\WINDOWS\System32\fwpuclnt.dll
0x00007fff19790000 - 0x00007fff197b7000 	C:\WINDOWS\System32\bcrypt.dll
0x00007fff103f0000 - 0x00007fff10408000 	C:\Program Files\Java\jdk-16.0.1\bin\zip.dll
0x00007fff14cf0000 - 0x00007fff14d09000 	C:\Program Files\Java\jdk-16.0.1\bin\net.dll
0x00007fff12f40000 - 0x00007fff1304a000 	C:\WINDOWS\SYSTEM32\WINHTTP.dll
0x00007fff108a0000 - 0x00007fff108b3000 	C:\Program Files\Java\jdk-16.0.1\bin\nio.dll

dbghelp: loaded successfully - version: 4.0.5 - missing functions: none
symbol engine: initialized successfully - sym options: 0x614 - pdb path: .;C:\Program Files\Java\jdk-16.0.1\bin;C:\WINDOWS\SYSTEM32;C:\WINDOWS\WinSxS\amd64_microsoft.windows.common-controls_6595b64144ccf1df_6.0.19041.1110_none_60b5254171f9507e;C:\Program Files\Java\jdk-16.0.1\bin\server

VM Arguments:
jvm_args: -XX:+ShowCodeDetailsInExceptionMessages -agentlib:jdwp=transport=dt_socket,suspend=y,address=localhost:6014 -javaagent:C:\Users\everyday\eclipse\java-2022-03\eclipse\configuration\org.eclipse.osgi\225\0\.cp\lib\javaagent-shaded.jar -Dfile.encoding=UTF-8 
java_command: sec02_loopcontrolstatement.EX02_WhileControlStatement.WhileControlStatement
java_class_path (initial): C:\Users\everyday\OneDrive\바탕 화면\자바 완전 정복\Chapter_04\bin
Launcher Type: SUN_STANDARD

[Global flags]
     intx CICompilerCount                          = 4                                         {product} {ergonomic}
     uint ConcGCThreads                            = 2                                         {product} {ergonomic}
     uint G1ConcRefinementThreads                  = 8                                         {product} {ergonomic}
   size_t G1HeapRegionSize                         = 2097152                                   {product} {ergonomic}
    uintx GCDrainStackTargetSize                   = 64                                        {product} {ergonomic}
   size_t InitialHeapSize                          = 268435456                                 {product} {ergonomic}
   size_t MarkStackSize                            = 4194304                                   {product} {ergonomic}
   size_t MaxHeapSize                              = 4278190080                                {product} {ergonomic}
   size_t MaxNewSize                               = 2566914048                                {product} {ergonomic}
   size_t MinHeapDeltaBytes                        = 2097152                                   {product} {ergonomic}
   size_t MinHeapSize                              = 8388608                                   {product} {ergonomic}
    uintx NonNMethodCodeHeapSize                   = 5839372                                {pd product} {ergonomic}
    uintx NonProfiledCodeHeapSize                  = 122909434                              {pd product} {ergonomic}
    uintx ProfiledCodeHeapSize                     = 122909434                              {pd product} {ergonomic}
    uintx ReservedCodeCacheSize                    = 251658240                              {pd product} {ergonomic}
     bool SegmentedCodeCache                       = true                                      {product} {ergonomic}
     bool ShowCodeDetailsInExceptionMessages       = true                                   {manageable} {command line}
   size_t SoftMaxHeapSize                          = 4278190080                             {manageable} {ergonomic}
     bool UseCompressedClassPointers               = true                           {product lp64_product} {ergonomic}
     bool UseCompressedOops                        = true                           {product lp64_product} {ergonomic}
     bool UseG1GC                                  = true                                      {product} {ergonomic}
     bool UseLargePagesIndividualAllocation        = false                                  {pd product} {ergonomic}

Logging:
Log output configuration:
 #0: stdout all=warning uptime,level,tags
 #1: stderr all=off uptime,level,tags

Environment Variables:
JAVA_HOME=C:\Program Files\Java\jdk-16.0.1
PATH=C:/Program Files/Java/jdk-16.0.1/bin/server;C:/Program Files/Java/jdk-16.0.1/bin;C:\Program Files\Eclipse Foundation\jdk-8.0.302.8-hotspot\bin;C:\Program Files\Common Files\Oracle\Java\javapath;C:\Program Files (x86)\Common Files\Oracle\Java\javapath;C:\WINDOWS\system32;C:\WINDOWS;C:\WINDOWS\System32\Wbem;C:\WINDOWS\System32\WindowsPowerShell\v1.0\;C:\WINDOWS\System32\OpenSSH\;C:\Program Files\mingw-w64\x86_64-8.1.0-posix-seh-rt_v6-rev0\mingw64\bin;C:\Program Files\Java\jdk-16.0.1\bin\;C:\Program Files\PuTTY\;C:\Program Files (x86)\NVIDIA Corporation\PhysX\Common;C:\Program Files\NVIDIA Corporation\NVIDIA NvDLISR;C:\Program Files\nodejs\;C:\Program Files\Git\cmd;C:\WINDOWS\system32;C:\Users\everyday\AppData\Local\Microsoft\WindowsApps;C:\Program Files\JetBrains\PyCharm Community Edition 2021.1.1\bin;;;C:\Program Files\JetBrains\IntelliJ IDEA 2021.1.3\bin;;C:\Users\everyday\AppData\Local\Programs\Microsoft VS Code\bin;C:\Users\everyday\AppData\Roaming\npm;C:\Users\everyday\eclipse\java-2022-03\eclipse;
USERNAME=everyday
LC_ALL=ko_KR.UTF-8
OS=Windows_NT
PROCESSOR_IDENTIFIER=Intel64 Family 6 Model 158 Stepping 13, GenuineIntel



---------------  S Y S T E M  ---------------

OS:
 Windows 10 , 64 bit Build 19041 (10.0.19041.1645)
OS uptime: 1 days 22:00 hours

CPU: total 8 (initial active 8) (8 cores per cpu, 1 threads per core) family 6 model 158 stepping 13 microcode 0xb0, cx8, cmov, fxsr, mmx, 3dnowpref, sse, sse2, sse3, ssse3, sse4.1, sse4.2, popcnt, lzcnt, tsc, tscinvbit, avx, avx2, aes, erms, clmul, bmi1, bmi2, rtm, adx, fma, vzeroupper, clflush, clflushopt

Memory: 4k page, system-wide physical 16318M (8234M free)
TotalPageFile size 44790M (AvailPageFile size 10290M)
current process WorkingSet (physical memory assigned to process): 40M, peak: 40M
current process commit charge ("private bytes"): 346M, peak: 346M

vm_info: Java HotSpot(TM) 64-Bit Server VM (16.0.1+9-24) for windows-amd64 JRE (16.0.1+9-24), built on Mar 26 2021 19:31:42 by "mach5one" with MS VC++ 16.7 (VS2019)

END.
