#
# A fatal error has been detected by the Java Runtime Environment:
#
#  EXCEPTION_ACCESS_VIOLATION (0xc0000005) at pc=0x00007fff169e1c4d, pid=10456, tid=14160
#
# JRE version:  (16.0.1+9) (build )
# Java VM: Java HotSpot(TM) 64-Bit Server VM (16.0.1+9-24, mixed mode, sharing, tiered, unknown gc, windows-amd64)
# Problematic frame:
# C  [jimage.dll+0x1c4d]
#
# No core dump will be written. Minidumps are not enabled by default on client versions of Windows
#
#

---------------  S U M M A R Y ------------

Command Line: 

Host: Intel(R) Core(TM) i7-9700F CPU @ 3.00GHz, 8 cores, 15G,  Windows 10 , 64 bit Build 19041 (10.0.19041.1645)
Time: Wed Apr 27 22:42:36 2022  Windows 10 , 64 bit Build 19041 (10.0.19041.1645) elapsed time: 1.251481 seconds (0d 0h 0m 1s)

---------------  T H R E A D  ---------------

Current thread is native thread

Stack: [0x0000004ba9800000,0x0000004ba9900000],  sp=0x0000004ba98fde40,  free space=1015k
Native frames: (J=compiled Java code, j=interpreted, Vv=VM code, C=native code)
C  [jimage.dll+0x1c4d]


siginfo: EXCEPTION_ACCESS_VIOLATION (0xc0000005), reading address 0x000000000001bd84


Registers:
RAX=0x0000000000006f5a, RBX=0x0000004ba98fdf31, RCX=0x00007fff169e6000, RDX=0x0000000000006f5a
RSP=0x0000004ba98fde40, RBP=0x0000004ba98fdf30, RSI=0x000000000000709a, RDI=0x0000004ba98fdf30
R8 =0x00007fff169e4298, R9 =0x000000000000001c, R10=0x00007ffed7127900, R11=0x00007fff169e6000
R12=0x0000000000000000, R13=0x00000196e100c400, R14=0x0000004ba98fefa0, R15=0x00007ffed71279d0
RIP=0x00007fff169e1c4d, EFLAGS=0x0000000000010246

Top of Stack: (sp=0x0000004ba98fde40)
0x0000004ba98fde40:   00000196e1000000 0000019600000004
0x0000004ba98fde50:   00000196e1009280 000000000001acb0
0x0000004ba98fde60:   00000196e1007610 00007fff169e1ddb
0x0000004ba98fde70:   000000000000000b 00000196e1007610
0x0000004ba98fde80:   0000000000000000 0000000000000000
0x0000004ba98fde90:   0000019600001000 0000000000000004
0x0000004ba98fdea0:   0000000000000000 0000000000000000
0x0000004ba98fdeb0:   000000000001c000 00007fff1bcd3a0d
0x0000004ba98fdec0:   00000196e1009280 00000196e1000150
0x0000004ba98fded0:   0000c76dcd5b2304 000000000b000209
0x0000004ba98fdee0:   00007ffed71059a0 0000000000000017
0x0000004ba98fdef0:   00000196e1007610 0000004ba98fefa0
0x0000004ba98fdf00:   000000000000000b 00007fff169e26b9
0x0000004ba98fdf10:   00000196e1000000 00000000000003ff
0x0000004ba98fdf20:   0000000000000000 00007a48489a8eef
0x0000004ba98fdf30:   61622e6176616a2f 692f6b646a2f6573 

Instructions: (pc=0x00007fff169e1c4d)
0x00007fff169e1b4d:   48 85 c9 74 1d 80 3d b7 44 00 00 00 74 06 48 8b
0x00007fff169e1b5d:   53 18 eb 04 48 8b 53 40 e8 ae 0e 00 00 48 83 63
0x00007fff169e1b6d:   48 00 8b 4b 0c 83 f9 ff 74 09 e8 e4 0c 00 00 83
0x00007fff169e1b7d:   4b 0c ff 48 8b 4b 70 48 85 c9 74 0f ba 10 00 00
0x00007fff169e1b8d:   00 e8 fd 0e 00 00 48 83 63 70 00 48 83 c4 20 5b
0x00007fff169e1b9d:   c3 cc cc 40 53 48 83 ec 20 48 8b d9 48 8d 0d 80
0x00007fff169e1bad:   46 00 00 e8 b3 0c 00 00 83 6b 08 01 75 24 48 8b
0x00007fff169e1bbd:   d3 48 8d 0d 53 44 00 00 e8 22 08 00 00 48 8b cb
0x00007fff169e1bcd:   e8 82 fe ff ff ba 78 00 00 00 48 8b cb e8 b1 0e
0x00007fff169e1bdd:   00 00 48 8d 0d 4a 46 00 00 48 83 c4 20 5b e9 80
0x00007fff169e1bed:   0c 00 00 48 89 5c 24 08 48 89 74 24 10 57 48 83
0x00007fff169e1bfd:   ec 20 41 8b f1 4d 8b c8 48 8b fa 4c 8b d9 4d 85
0x00007fff169e1c0d:   c0 74 78 85 f6 74 74 44 8a 12 48 8d 5a 01 48 8b
0x00007fff169e1c1d:   d3 b8 93 01 00 01 eb 12 69 c0 93 01 00 01 41 0f
0x00007fff169e1c2d:   b6 ca 44 8a 12 33 c1 48 ff c2 45 84 d2 75 e9 4d
0x00007fff169e1c3d:   8b 03 0f ba f0 1f 33 d2 49 8b cb f7 f6 48 63 c2
0x00007fff169e1c4d:   41 8b 14 81 41 ff 50 08 85 c0 7e 24 8a 0f eb 10
0x00007fff169e1c5d:   69 c0 93 01 00 01 0f b6 c9 33 c1 8a 0b 48 ff c3
0x00007fff169e1c6d:   84 c9 75 ec 0f ba f0 1f 33 d2 f7 f6 8b c2 eb 0e
0x00007fff169e1c7d:   79 09 83 c9 ff 2b c8 8b c1 eb 03 83 c8 ff 48 8b
0x00007fff169e1c8d:   5c 24 30 48 8b 74 24 38 48 83 c4 20 5f c3 cc 48
0x00007fff169e1c9d:   89 5c 24 08 48 89 74 24 10 57 48 83 ec 20 48 8b
0x00007fff169e1cad:   f1 48 8d 0d 7b 45 00 00 e8 ae 0b 00 00 33 ff 39
0x00007fff169e1cbd:   3d 56 43 00 00 76 24 48 8b 05 55 43 00 00 48 8b
0x00007fff169e1ccd:   d6 48 8b 1c f8 48 8b 0b e8 d6 1e 00 00 85 c0 74
0x00007fff169e1cdd:   2b ff c7 3b 3d 32 43 00 00 72 dc 33 db 48 8d 0d
0x00007fff169e1ced:   3f 45 00 00 e8 7a 0b 00 00 48 8b 74 24 38 48 8b
0x00007fff169e1cfd:   c3 48 8b 5c 24 30 48 83 c4 20 5f c3 ff 43 08 eb
0x00007fff169e1d0d:   dc cc cc 48 89 5c 24 08 48 89 74 24 10 57 48 83
0x00007fff169e1d1d:   ec 20 48 8b d9 48 8b f2 48 8b 49 10 49 8b f8 8b
0x00007fff169e1d2d:   53 30 48 8b 01 ff 50 20 4c 8b 43 50 48 8b d6 48
0x00007fff169e1d3d:   8b 4b 10 44 8b c8 e8 a8 fe ff ff 83 f8 ff 74 38 



---------------  P R O C E S S  ---------------

VM state: not at safepoint (not fully initialized)

VM Mutex/Monitor currently owned by a thread: None

GC Precious Log:
<Not initialized>


Dynamic libraries:
0x00007ff6a7890000 - 0x00007ff6a78a0000 	C:\Program Files\Java\jdk-16.0.1\bin\javaw.exe
0x00007fff1bc90000 - 0x00007fff1be85000 	C:\WINDOWS\SYSTEM32\ntdll.dll
0x00007fff1b3c0000 - 0x00007fff1b47e000 	C:\WINDOWS\System32\KERNEL32.DLL
0x00007fff197c0000 - 0x00007fff19a88000 	C:\WINDOWS\System32\KERNELBASE.dll
0x00007fff19bf0000 - 0x00007fff19cf0000 	C:\WINDOWS\System32\ucrtbase.dll
0x00007fff0c820000 - 0x00007fff0c839000 	C:\Program Files\Java\jdk-16.0.1\bin\VCRUNTIME140.dll
0x00007ffef41c0000 - 0x00007ffef41d8000 	C:\Program Files\Java\jdk-16.0.1\bin\jli.dll
0x00007fff1a900000 - 0x00007fff1a9ae000 	C:\WINDOWS\System32\ADVAPI32.dll
0x00007fff1b050000 - 0x00007fff1b0ee000 	C:\WINDOWS\System32\msvcrt.dll
0x00007fff1a850000 - 0x00007fff1a8ec000 	C:\WINDOWS\System32\sechost.dll
0x00007fff1a170000 - 0x00007fff1a295000 	C:\WINDOWS\System32\RPCRT4.dll
0x00007fff1b1c0000 - 0x00007fff1b360000 	C:\WINDOWS\System32\USER32.dll
0x00007fff19630000 - 0x00007fff19652000 	C:\WINDOWS\System32\win32u.dll
0x00007fff1a9b0000 - 0x00007fff1a9da000 	C:\WINDOWS\System32\GDI32.dll
0x00007fff193b0000 - 0x00007fff194bb000 	C:\WINDOWS\System32\gdi32full.dll
0x00007fff19660000 - 0x00007fff196fd000 	C:\WINDOWS\System32\msvcp_win.dll
0x00007fff06580000 - 0x00007fff0681a000 	C:\WINDOWS\WinSxS\amd64_microsoft.windows.common-controls_6595b64144ccf1df_6.0.19041.1110_none_60b5254171f9507e\COMCTL32.dll
0x00007fff121a0000 - 0x00007fff121aa000 	C:\WINDOWS\SYSTEM32\VERSION.dll
0x00007fff1a600000 - 0x00007fff1a630000 	C:\WINDOWS\System32\IMM32.DLL
0x00007fff0d4d0000 - 0x00007fff0d4dc000 	C:\Program Files\Java\jdk-16.0.1\bin\vcruntime140_1.dll
0x00007ffed7e40000 - 0x00007ffed7ed1000 	C:\Program Files\Java\jdk-16.0.1\bin\msvcp140.dll
0x00007ffed6860000 - 0x00007ffed740b000 	C:\Program Files\Java\jdk-16.0.1\bin\server\jvm.dll
0x00007fff1a8f0000 - 0x00007fff1a8f8000 	C:\WINDOWS\System32\PSAPI.DLL
0x00007ffeff860000 - 0x00007ffeff869000 	C:\WINDOWS\SYSTEM32\WSOCK32.dll
0x00007fff1b150000 - 0x00007fff1b1bb000 	C:\WINDOWS\System32\WS2_32.dll
0x00007fff103c0000 - 0x00007fff103e7000 	C:\WINDOWS\SYSTEM32\WINMM.dll
0x00007fff17db0000 - 0x00007fff17dc2000 	C:\WINDOWS\SYSTEM32\kernel.appcore.dll
0x00007fff169e0000 - 0x00007fff169ea000 	C:\Program Files\Java\jdk-16.0.1\bin\jimage.dll
0x00007fff17a70000 - 0x00007fff17c54000 	C:\WINDOWS\SYSTEM32\DBGHELP.DLL
0x00007ffef71e0000 - 0x00007ffef720c000 	C:\WINDOWS\SYSTEM32\dbgcore.DLL
0x00007fff19700000 - 0x00007fff19782000 	C:\WINDOWS\System32\bcryptPrimitives.dll

dbghelp: loaded successfully - version: 4.0.5 - missing functions: none
symbol engine: initialization error.

VM Arguments:
java_command: <unknown>
java_class_path (initial): <not set>
Launcher Type: SUN_STANDARD

[Global flags]
     bool UseLargePagesIndividualAllocation        = false                                  {pd product} {ergonomic}

Logging:
Log output configuration:
 #0: stdout all=warning uptime,level,tags
 #1: stderr all=off uptime,level,tags

Environment Variables:
JAVA_HOME=C:\Program Files\Java\jdk-16.0.1
PATH=C:/Program Files/Java/jdk-16.0.1/bin/server;C:/Program Files/Java/jdk-16.0.1/bin;C:\Program Files\Eclipse Foundation\jdk-8.0.302.8-hotspot\bin;C:\Program Files\Common Files\Oracle\Java\javapath;C:\Program Files (x86)\Common Files\Oracle\Java\javapath;C:\WINDOWS\system32;C:\WINDOWS;C:\WINDOWS\System32\Wbem;C:\WINDOWS\System32\WindowsPowerShell\v1.0\;C:\WINDOWS\System32\OpenSSH\;C:\Program Files\mingw-w64\x86_64-8.1.0-posix-seh-rt_v6-rev0\mingw64\bin;C:\Program Files\Java\jdk-16.0.1\bin\;C:\Program Files\PuTTY\;C:\Program Files (x86)\NVIDIA Corporation\PhysX\Common;C:\Program Files\NVIDIA Corporation\NVIDIA NvDLISR;C:\Program Files\nodejs\;C:\Program Files\Git\cmd;C:\WINDOWS\system32;C:\Users\everyday\AppData\Local\Microsoft\WindowsApps;C:\Program Files\JetBrains\PyCharm Community Edition 2021.1.1\bin;;;C:\Program Files\JetBrains\IntelliJ IDEA 2021.1.3\bin;;C:\Users\everyday\AppData\Local\Programs\Microsoft VS Code\bin;C:\Users\everyday\AppData\Roaming\npm;C:\Users\everyday\eclipse\java-2022-03\eclipse;
USERNAME=everyday
LC_ALL=ko_KR.UTF-8
OS=Windows_NT
PROCESSOR_IDENTIFIER=Intel64 Family 6 Model 158 Stepping 13, GenuineIntel



---------------  S Y S T E M  ---------------

OS:
 Windows 10 , 64 bit Build 19041 (10.0.19041.1645)
OS uptime: 1 days 22:00 hours

CPU: total 8 (initial active 0) 

Memory: 4k page, system-wide physical 16318M (7950M free)
TotalPageFile size 44790M (AvailPageFile size 5307M)
current process WorkingSet (physical memory assigned to process): 6M, peak: 6M
current process commit charge ("private bytes"): 2M, peak: 2M

vm_info: Java HotSpot(TM) 64-Bit Server VM (16.0.1+9-24) for windows-amd64 JRE (16.0.1+9-24), built on Mar 26 2021 19:31:42 by "mach5one" with MS VC++ 16.7 (VS2019)

END.
